1647644387098	geckodriver	INFO	Listening on 127.0.0.1:60679
1647644387104	mozrunner::runner	INFO	Running command: "/usr/bin/firefox" "--marionette" "--remote-debugging-port" "52759" "-no-remote" "-profile" "/tmp/rust_mozprofilekuJEPi"
ATTENTION: default value of option mesa_glthread overridden by environment.
ATTENTION: default value of option mesa_glthread overridden by environment.
ATTENTION: default value of option mesa_glthread overridden by environment.
ATTENTION: default value of option mesa_glthread overridden by environment.
1647644388032	Marionette	INFO	Marionette enabled
console.warn: SearchSettings: "get: No settings file exists, new profile?" (new NotFoundError("Could not open the file at /tmp/rust_mozprofilekuJEPi/search.json.mozlz4", (void 0)))
DevTools listening on ws://localhost:52759/devtools/browser/a6279251-5735-4b49-b12b-c70cc3f28d63
1647644388950	Marionette	INFO	Listening on port 39235
1647644389020	RemoteAgent	WARN	TLS certificate errors will be ignored for this session
1647644389887	Marionette	INFO	Stopped listening on port 39235

###!!! [Parent][PImageBridgeParent] Error: RunMessage(msgname=PImageBridge::Msg_WillClose) Channel closing: too late to send/recv, messages will be lost

1647644442717	geckodriver	INFO	Listening on 127.0.0.1:33389
1647644442719	mozrunner::runner	INFO	Running command: "/usr/bin/firefox" "--marionette" "--remote-debugging-port" "46721" "-no-remote" "-profile" "/tmp/rust_mozprofiletOMcYP"
ATTENTION: default value of option mesa_glthread overridden by environment.
ATTENTION: default value of option mesa_glthread overridden by environment.
ATTENTION: default value of option mesa_glthread overridden by environment.
ATTENTION: default value of option mesa_glthread overridden by environment.
1647644443261	Marionette	INFO	Marionette enabled
console.warn: SearchSettings: "get: No settings file exists, new profile?" (new NotFoundError("Could not open the file at /tmp/rust_mozprofiletOMcYP/search.json.mozlz4", (void 0)))
DevTools listening on ws://localhost:46721/devtools/browser/38ce297b-1db3-49a7-b3a7-78b83834eda9
1647644444106	Marionette	INFO	Listening on port 37635
1647644444130	RemoteAgent	WARN	TLS certificate errors will be ignored for this session
1647644444986	Marionette	INFO	Stopped listening on port 37635
1647644465908	geckodriver	INFO	Listening on 127.0.0.1:49739
1647644466411	mozrunner::runner	INFO	Running command: "/usr/bin/firefox" "--marionette" "--remote-debugging-port" "57225" "-no-remote" "-profile" "/tmp/rust_mozprofileEv64wE"
ATTENTION: default value of option mesa_glthread overridden by environment.
ATTENTION: default value of option mesa_glthread overridden by environment.
ATTENTION: default value of option mesa_glthread overridden by environment.
ATTENTION: default value of option mesa_glthread overridden by environment.
1647644466967	Marionette	INFO	Marionette enabled
console.warn: SearchSettings: "get: No settings file exists, new profile?" (new NotFoundError("Could not open the file at /tmp/rust_mozprofileEv64wE/search.json.mozlz4", (void 0)))
DevTools listening on ws://localhost:57225/devtools/browser/c2ecb18c-08dc-4596-94c6-6ac04da45e5a
1647644467831	Marionette	INFO	Listening on port 46097
1647644467922	RemoteAgent	WARN	TLS certificate errors will be ignored for this session
1647644468765	Marionette	INFO	Stopped listening on port 46097
1647644673169	geckodriver	INFO	Listening on 127.0.0.1:41749
1647644673672	mozrunner::runner	INFO	Running command: "/usr/bin/firefox" "--marionette" "--remote-debugging-port" "51041" "-no-remote" "-profile" "/tmp/rust_mozprofile7Sy9YJ"
ATTENTION: default value of option mesa_glthread overridden by environment.
ATTENTION: default value of option mesa_glthread overridden by environment.
ATTENTION: default value of option mesa_glthread overridden by environment.
ATTENTION: default value of option mesa_glthread overridden by environment.
1647644674221	Marionette	INFO	Marionette enabled
console.warn: SearchSettings: "get: No settings file exists, new profile?" (new NotFoundError("Could not open the file at /tmp/rust_mozprofile7Sy9YJ/search.json.mozlz4", (void 0)))
DevTools listening on ws://localhost:51041/devtools/browser/fb1b24a5-7868-403e-8f6d-4f66ad273918
1647644675117	Marionette	INFO	Listening on port 37733
1647644675183	RemoteAgent	WARN	TLS certificate errors will be ignored for this session
1647644676068	Marionette	INFO	Stopped listening on port 37733
1647644682929	geckodriver	INFO	Listening on 127.0.0.1:32985
1647644682934	mozrunner::runner	INFO	Running command: "/usr/bin/firefox" "--marionette" "--remote-debugging-port" "43717" "-no-remote" "-profile" "/tmp/rust_mozprofileuUqp4f"
ATTENTION: default value of option mesa_glthread overridden by environment.
ATTENTION: default value of option mesa_glthread overridden by environment.
ATTENTION: default value of option mesa_glthread overridden by environment.
ATTENTION: default value of option mesa_glthread overridden by environment.
1647644683477	Marionette	INFO	Marionette enabled
console.warn: SearchSettings: "get: No settings file exists, new profile?" (new NotFoundError("Could not open the file at /tmp/rust_mozprofileuUqp4f/search.json.mozlz4", (void 0)))
DevTools listening on ws://localhost:43717/devtools/browser/e3218931-8fe5-47ad-b3f6-9799a2f86d43
1647644684312	Marionette	INFO	Listening on port 33479
1647644684353	RemoteAgent	WARN	TLS certificate errors will be ignored for this session
1647644685162	Marionette	INFO	Stopped listening on port 33479

###!!! [Parent][PImageBridgeParent] Error: RunMessage(msgname=PImageBridge::Msg_WillClose) Channel closing: too late to send/recv, messages will be lost

1647645181648	geckodriver	INFO	Listening on 127.0.0.1:42605
1647645181651	mozrunner::runner	INFO	Running command: "/usr/bin/firefox" "--marionette" "--remote-debugging-port" "43317" "-no-remote" "-profile" "/tmp/rust_mozprofilebgaiok"
ATTENTION: default value of option mesa_glthread overridden by environment.
ATTENTION: default value of option mesa_glthread overridden by environment.
ATTENTION: default value of option mesa_glthread overridden by environment.
ATTENTION: default value of option mesa_glthread overridden by environment.
1647645182592	Marionette	INFO	Marionette enabled
console.warn: SearchSettings: "get: No settings file exists, new profile?" (new NotFoundError("Could not open the file at /tmp/rust_mozprofilebgaiok/search.json.mozlz4", (void 0)))
DevTools listening on ws://localhost:43317/devtools/browser/7de9a04d-3cb9-4f7b-97d3-c8237bababfc
1647645183523	Marionette	INFO	Listening on port 39871
1647645183566	RemoteAgent	WARN	TLS certificate errors will be ignored for this session
1647645184428	Marionette	INFO	Stopped listening on port 39871
1647645206731	geckodriver	INFO	Listening on 127.0.0.1:44967
1647645206736	mozrunner::runner	INFO	Running command: "/usr/bin/firefox" "--marionette" "--remote-debugging-port" "45051" "-no-remote" "-profile" "/tmp/rust_mozprofilefVryN7"
ATTENTION: default value of option mesa_glthread overridden by environment.
ATTENTION: default value of option mesa_glthread overridden by environment.
ATTENTION: default value of option mesa_glthread overridden by environment.
ATTENTION: default value of option mesa_glthread overridden by environment.
1647645207742	Marionette	INFO	Marionette enabled
console.warn: SearchSettings: "get: No settings file exists, new profile?" (new NotFoundError("Could not open the file at /tmp/rust_mozprofilefVryN7/search.json.mozlz4", (void 0)))
DevTools listening on ws://localhost:45051/devtools/browser/f3e80f5a-abe4-4761-aef1-5910485df7ee
1647645208611	Marionette	INFO	Listening on port 34965
1647645208648	RemoteAgent	WARN	TLS certificate errors will be ignored for this session
1647645209477	Marionette	INFO	Stopped listening on port 34965

###!!! [Parent][PImageBridgeParent] Error: RunMessage(msgname=PImageBridge::Msg_WillClose) Channel closing: too late to send/recv, messages will be lost

1647645282626	geckodriver	INFO	Listening on 127.0.0.1:59691
1647645282630	mozrunner::runner	INFO	Running command: "/usr/bin/firefox" "--marionette" "--remote-debugging-port" "41803" "-no-remote" "-profile" "/tmp/rust_mozprofileDVPV9o"
ATTENTION: default value of option mesa_glthread overridden by environment.
ATTENTION: default value of option mesa_glthread overridden by environment.
ATTENTION: default value of option mesa_glthread overridden by environment.
ATTENTION: default value of option mesa_glthread overridden by environment.
1647645283595	Marionette	INFO	Marionette enabled
console.warn: SearchSettings: "get: No settings file exists, new profile?" (new NotFoundError("Could not open the file at /tmp/rust_mozprofileDVPV9o/search.json.mozlz4", (void 0)))
DevTools listening on ws://localhost:41803/devtools/browser/dd5c2185-ef8e-44e9-bddf-c667d14f3a7c
1647645284428	Marionette	INFO	Listening on port 33239
1647645284443	RemoteAgent	WARN	TLS certificate errors will be ignored for this session
1647645285248	Marionette	INFO	Stopped listening on port 33239
1647645336018	geckodriver	INFO	Listening on 127.0.0.1:43055
1647645336024	mozrunner::runner	INFO	Running command: "/usr/bin/firefox" "--marionette" "--remote-debugging-port" "54485" "-no-remote" "-profile" "/tmp/rust_mozprofilecq0C7A"
ATTENTION: default value of option mesa_glthread overridden by environment.
ATTENTION: default value of option mesa_glthread overridden by environment.
ATTENTION: default value of option mesa_glthread overridden by environment.
ATTENTION: default value of option mesa_glthread overridden by environment.
1647645336985	Marionette	INFO	Marionette enabled
console.warn: SearchSettings: "get: No settings file exists, new profile?" (new NotFoundError("Could not open the file at /tmp/rust_mozprofilecq0C7A/search.json.mozlz4", (void 0)))
DevTools listening on ws://localhost:54485/devtools/browser/d8948156-eda4-43b7-a8c4-17d15391eebe
1647645337917	Marionette	INFO	Listening on port 36145
1647645337936	RemoteAgent	WARN	TLS certificate errors will be ignored for this session
1647645338729	Marionette	INFO	Stopped listening on port 36145

###!!! [Parent][PImageBridgeParent] Error: RunMessage(msgname=PImageBridge::Msg_WillClose) Channel closing: too late to send/recv, messages will be lost

1647645351015	geckodriver	INFO	Listening on 127.0.0.1:41181
1647645351020	mozrunner::runner	INFO	Running command: "/usr/bin/firefox" "--marionette" "--remote-debugging-port" "47823" "-no-remote" "-profile" "/tmp/rust_mozprofilebJzgOe"
ATTENTION: default value of option mesa_glthread overridden by environment.
ATTENTION: default value of option mesa_glthread overridden by environment.
ATTENTION: default value of option mesa_glthread overridden by environment.
ATTENTION: default value of option mesa_glthread overridden by environment.
1647645351565	Marionette	INFO	Marionette enabled
console.warn: SearchSettings: "get: No settings file exists, new profile?" (new NotFoundError("Could not open the file at /tmp/rust_mozprofilebJzgOe/search.json.mozlz4", (void 0)))
DevTools listening on ws://localhost:47823/devtools/browser/d49ec89c-60a6-44b5-b4ec-b3babc8cf41a
1647645352467	Marionette	INFO	Listening on port 46707
1647645352532	RemoteAgent	WARN	TLS certificate errors will be ignored for this session
1647645353361	Marionette	INFO	Stopped listening on port 46707

###!!! [Parent][PImageBridgeParent] Error: RunMessage(msgname=PImageBridge::Msg_WillClose) Channel closing: too late to send/recv, messages will be lost

1647690401005	geckodriver	INFO	Listening on 127.0.0.1:51377
1647690401505	mozrunner::runner	INFO	Running command: "/usr/bin/firefox" "--marionette" "--remote-debugging-port" "36685" "-no-remote" "-profile" "/tmp/rust_mozprofilesqZ63K"
ATTENTION: default value of option mesa_glthread overridden by environment.
ATTENTION: default value of option mesa_glthread overridden by environment.
ATTENTION: default value of option mesa_glthread overridden by environment.
ATTENTION: default value of option mesa_glthread overridden by environment.
1647690402133	Marionette	INFO	Marionette enabled
console.warn: SearchSettings: "get: No settings file exists, new profile?" (new NotFoundError("Could not open the file at /tmp/rust_mozprofilesqZ63K/search.json.mozlz4", (void 0)))
DevTools listening on ws://localhost:36685/devtools/browser/a2a58808-3c8d-46a1-8e33-9e899ad5363e
1647690403019	Marionette	INFO	Listening on port 36031
1647690403117	RemoteAgent	WARN	TLS certificate errors will be ignored for this session
1647690404173	Marionette	INFO	Stopped listening on port 36031
1647690698077	geckodriver	INFO	Listening on 127.0.0.1:51895
1647690698082	mozrunner::runner	INFO	Running command: "/usr/bin/firefox" "--marionette" "--remote-debugging-port" "39111" "-no-remote" "-profile" "/tmp/rust_mozprofileS31dvS"
ATTENTION: default value of option mesa_glthread overridden by environment.
ATTENTION: default value of option mesa_glthread overridden by environment.
ATTENTION: default value of option mesa_glthread overridden by environment.
ATTENTION: default value of option mesa_glthread overridden by environment.
1647690698993	Marionette	INFO	Marionette enabled
console.warn: SearchSettings: "get: No settings file exists, new profile?" (new NotFoundError("Could not open the file at /tmp/rust_mozprofileS31dvS/search.json.mozlz4", (void 0)))
DevTools listening on ws://localhost:39111/devtools/browser/25248a6c-5433-4be4-8e95-c247a6adab7d
1647690699902	Marionette	INFO	Listening on port 42031
1647690700009	RemoteAgent	WARN	TLS certificate errors will be ignored for this session
1647690701228	Marionette	INFO	Stopped listening on port 42031
1647690720945	geckodriver	INFO	Listening on 127.0.0.1:58471
1647690721448	mozrunner::runner	INFO	Running command: "/usr/bin/firefox" "--marionette" "--remote-debugging-port" "56697" "-no-remote" "-profile" "/tmp/rust_mozprofilecT9fUU"
ATTENTION: default value of option mesa_glthread overridden by environment.
ATTENTION: default value of option mesa_glthread overridden by environment.
ATTENTION: default value of option mesa_glthread overridden by environment.
ATTENTION: default value of option mesa_glthread overridden by environment.
1647690721991	Marionette	INFO	Marionette enabled
console.warn: SearchSettings: "get: No settings file exists, new profile?" (new NotFoundError("Could not open the file at /tmp/rust_mozprofilecT9fUU/search.json.mozlz4", (void 0)))
DevTools listening on ws://localhost:56697/devtools/browser/80cfa32b-c71b-4424-bea1-76911a627f77
1647690722938	Marionette	INFO	Listening on port 40145
1647690722960	RemoteAgent	WARN	TLS certificate errors will be ignored for this session
1647690723989	Marionette	INFO	Stopped listening on port 40145

###!!! [Parent][PImageBridgeParent] Error: RunMessage(msgname=PImageBridge::Msg_WillClose) Channel closing: too late to send/recv, messages will be lost

1647690746541	geckodriver	INFO	Listening on 127.0.0.1:54921
1647690746546	mozrunner::runner	INFO	Running command: "/usr/bin/firefox" "--marionette" "--remote-debugging-port" "35675" "-no-remote" "-profile" "/tmp/rust_mozprofileST2rwr"
ATTENTION: default value of option mesa_glthread overridden by environment.
ATTENTION: default value of option mesa_glthread overridden by environment.
ATTENTION: default value of option mesa_glthread overridden by environment.
ATTENTION: default value of option mesa_glthread overridden by environment.
1647690747530	Marionette	INFO	Marionette enabled
console.warn: SearchSettings: "get: No settings file exists, new profile?" (new NotFoundError("Could not open the file at /tmp/rust_mozprofileST2rwr/search.json.mozlz4", (void 0)))
DevTools listening on ws://localhost:35675/devtools/browser/11d0ce6b-f543-4643-8a33-0b5a47511d3d
1647690748473	Marionette	INFO	Listening on port 42655
1647690748558	RemoteAgent	WARN	TLS certificate errors will be ignored for this session
1647690749510	Marionette	INFO	Stopped listening on port 42655

###!!! [Parent][PImageBridgeParent] Error: RunMessage(msgname=PImageBridge::Msg_WillClose) Channel closing: too late to send/recv, messages will be lost

1647690862873	geckodriver	INFO	Listening on 127.0.0.1:38539
1647690862875	mozrunner::runner	INFO	Running command: "/usr/bin/firefox" "--marionette" "--remote-debugging-port" "46331" "-no-remote" "-profile" "/tmp/rust_mozprofileYjHCTN"
ATTENTION: default value of option mesa_glthread overridden by environment.
ATTENTION: default value of option mesa_glthread overridden by environment.
ATTENTION: default value of option mesa_glthread overridden by environment.
ATTENTION: default value of option mesa_glthread overridden by environment.
1647690863678	Marionette	INFO	Marionette enabled
console.warn: SearchSettings: "get: No settings file exists, new profile?" (new NotFoundError("Could not open the file at /tmp/rust_mozprofileYjHCTN/search.json.mozlz4", (void 0)))
DevTools listening on ws://localhost:46331/devtools/browser/d7350129-bd77-4bb3-a42d-01684a60a48b
1647690864610	Marionette	INFO	Listening on port 33109
1647690864687	RemoteAgent	WARN	TLS certificate errors will be ignored for this session
1647690865670	Marionette	INFO	Stopped listening on port 33109
1647690866301	geckodriver	INFO	Listening on 127.0.0.1:46231
1647690866307	mozrunner::runner	INFO	Running command: "/usr/bin/firefox" "--marionette" "--remote-debugging-port" "37647" "-no-remote" "-profile" "/tmp/rust_mozprofileoWgm6S"
ATTENTION: default value of option mesa_glthread overridden by environment.
ATTENTION: default value of option mesa_glthread overridden by environment.
ATTENTION: default value of option mesa_glthread overridden by environment.
ATTENTION: default value of option mesa_glthread overridden by environment.
1647690866819	Marionette	INFO	Marionette enabled
console.warn: SearchSettings: "get: No settings file exists, new profile?" (new NotFoundError("Could not open the file at /tmp/rust_mozprofileoWgm6S/search.json.mozlz4", (void 0)))
DevTools listening on ws://localhost:37647/devtools/browser/8a9bf314-3d3c-48b3-937a-3ccd0d14d4d4
1647690867713	Marionette	INFO	Listening on port 34683
1647690867824	RemoteAgent	WARN	TLS certificate errors will be ignored for this session
1647690870254	Marionette	INFO	Stopped listening on port 34683

###!!! [Parent][PImageBridgeParent] Error: RunMessage(msgname=PImageBridge::Msg_WillClose) Channel closing: too late to send/recv, messages will be lost

1647691511724	geckodriver	INFO	Listening on 127.0.0.1:37061
1647691512230	mozrunner::runner	INFO	Running command: "/usr/bin/firefox" "--marionette" "--remote-debugging-port" "43967" "-no-remote" "-profile" "/tmp/rust_mozprofileBYL8Ga"
ATTENTION: default value of option mesa_glthread overridden by environment.
ATTENTION: default value of option mesa_glthread overridden by environment.
ATTENTION: default value of option mesa_glthread overridden by environment.
ATTENTION: default value of option mesa_glthread overridden by environment.
1647691512784	Marionette	INFO	Marionette enabled
console.warn: SearchSettings: "get: No settings file exists, new profile?" (new NotFoundError("Could not open the file at /tmp/rust_mozprofileBYL8Ga/search.json.mozlz4", (void 0)))
DevTools listening on ws://localhost:43967/devtools/browser/33196a21-8e01-4a01-80b1-0144b2c723f6
1647691513646	Marionette	INFO	Listening on port 39063
1647691513755	RemoteAgent	WARN	TLS certificate errors will be ignored for this session
1647691514833	Marionette	INFO	Stopped listening on port 39063

###!!! [Parent][PImageBridgeParent] Error: RunMessage(msgname=PImageBridge::Msg_WillClose) Channel closing: too late to send/recv, messages will be lost

1647691565169	geckodriver	INFO	Listening on 127.0.0.1:56639
1647691565171	mozrunner::runner	INFO	Running command: "/usr/bin/firefox" "--marionette" "--remote-debugging-port" "43739" "-no-remote" "-profile" "/tmp/rust_mozprofileNt8nn9"
ATTENTION: default value of option mesa_glthread overridden by environment.
ATTENTION: default value of option mesa_glthread overridden by environment.
ATTENTION: default value of option mesa_glthread overridden by environment.
ATTENTION: default value of option mesa_glthread overridden by environment.
1647691565690	Marionette	INFO	Marionette enabled
console.warn: SearchSettings: "get: No settings file exists, new profile?" (new NotFoundError("Could not open the file at /tmp/rust_mozprofileNt8nn9/search.json.mozlz4", (void 0)))
DevTools listening on ws://localhost:43739/devtools/browser/bafc0507-a0be-4c88-97dd-ee6de2117344
1647691566531	Marionette	INFO	Listening on port 38059
1647691566596	RemoteAgent	WARN	TLS certificate errors will be ignored for this session
1647691567411	Marionette	INFO	Stopped listening on port 38059

###!!! [Parent][PImageBridgeParent] Error: RunMessage(msgname=PImageBridge::Msg_WillClose) Channel closing: too late to send/recv, messages will be lost

1647691568672	geckodriver	INFO	Listening on 127.0.0.1:50223
1647691568674	mozrunner::runner	INFO	Running command: "/usr/bin/firefox" "--marionette" "--remote-debugging-port" "53651" "-no-remote" "-profile" "/tmp/rust_mozprofileh1ljaH"
ATTENTION: default value of option mesa_glthread overridden by environment.
ATTENTION: default value of option mesa_glthread overridden by environment.
ATTENTION: default value of option mesa_glthread overridden by environment.
ATTENTION: default value of option mesa_glthread overridden by environment.
1647691569198	Marionette	INFO	Marionette enabled
console.warn: SearchSettings: "get: No settings file exists, new profile?" (new NotFoundError("Could not open the file at /tmp/rust_mozprofileh1ljaH/search.json.mozlz4", (void 0)))
DevTools listening on ws://localhost:53651/devtools/browser/1499b715-070d-4e6e-be1a-50762b558e86
1647691570150	Marionette	INFO	Listening on port 40023
1647691570185	RemoteAgent	WARN	TLS certificate errors will be ignored for this session
1647691572471	Marionette	INFO	Stopped listening on port 40023

###!!! [Parent][PImageBridgeParent] Error: RunMessage(msgname=PImageBridge::Msg_WillClose) Channel closing: too late to send/recv, messages will be lost

1647691664435	geckodriver	INFO	Listening on 127.0.0.1:37605
1647691664437	mozrunner::runner	INFO	Running command: "/usr/bin/firefox" "--marionette" "--remote-debugging-port" "48499" "-no-remote" "-profile" "/tmp/rust_mozprofileZs2jqg"
ATTENTION: default value of option mesa_glthread overridden by environment.
ATTENTION: default value of option mesa_glthread overridden by environment.
ATTENTION: default value of option mesa_glthread overridden by environment.
ATTENTION: default value of option mesa_glthread overridden by environment.
1647691664970	Marionette	INFO	Marionette enabled
console.warn: SearchSettings: "get: No settings file exists, new profile?" (new NotFoundError("Could not open the file at /tmp/rust_mozprofileZs2jqg/search.json.mozlz4", (void 0)))
DevTools listening on ws://localhost:48499/devtools/browser/c7dede07-9e75-4da9-a9f0-9db5dcc18093
1647691665919	Marionette	INFO	Listening on port 40083
1647691665948	RemoteAgent	WARN	TLS certificate errors will be ignored for this session
1647691666939	Marionette	INFO	Stopped listening on port 40083

###!!! [Parent][PImageBridgeParent] Error: RunMessage(msgname=PImageBridge::Msg_WillClose) Channel closing: too late to send/recv, messages will be lost

1647691668025	geckodriver	INFO	Listening on 127.0.0.1:41465
1647691668027	mozrunner::runner	INFO	Running command: "/usr/bin/firefox" "--marionette" "--remote-debugging-port" "40487" "-no-remote" "-profile" "/tmp/rust_mozprofileRZv71m"
ATTENTION: default value of option mesa_glthread overridden by environment.
ATTENTION: default value of option mesa_glthread overridden by environment.
ATTENTION: default value of option mesa_glthread overridden by environment.
ATTENTION: default value of option mesa_glthread overridden by environment.
1647691668535	Marionette	INFO	Marionette enabled
console.warn: SearchSettings: "get: No settings file exists, new profile?" (new NotFoundError("Could not open the file at /tmp/rust_mozprofileRZv71m/search.json.mozlz4", (void 0)))
DevTools listening on ws://localhost:40487/devtools/browser/831c0c46-7e76-4dd8-afa2-dbafce3a3d70
1647691669366	Marionette	INFO	Listening on port 38201
1647691669438	RemoteAgent	WARN	TLS certificate errors will be ignored for this session
1647691671704	Marionette	INFO	Stopped listening on port 38201
1647691742514	geckodriver	INFO	Listening on 127.0.0.1:34753
1647691742517	mozrunner::runner	INFO	Running command: "/usr/bin/firefox" "--marionette" "--remote-debugging-port" "35765" "-no-remote" "-profile" "/tmp/rust_mozprofileRukybc"
ATTENTION: default value of option mesa_glthread overridden by environment.
ATTENTION: default value of option mesa_glthread overridden by environment.
ATTENTION: default value of option mesa_glthread overridden by environment.
ATTENTION: default value of option mesa_glthread overridden by environment.
1647691743031	Marionette	INFO	Marionette enabled
console.warn: SearchSettings: "get: No settings file exists, new profile?" (new NotFoundError("Could not open the file at /tmp/rust_mozprofileRukybc/search.json.mozlz4", (void 0)))
DevTools listening on ws://localhost:35765/devtools/browser/7b07e682-721f-455c-ac83-a056c42005f1
1647691743982	Marionette	INFO	Listening on port 41021
1647691744027	RemoteAgent	WARN	TLS certificate errors will be ignored for this session
1647691744930	Marionette	INFO	Stopped listening on port 41021

###!!! [Parent][PImageBridgeParent] Error: RunMessage(msgname=PImageBridge::Msg_WillClose) Channel closing: too late to send/recv, messages will be lost

1647691746002	geckodriver	INFO	Listening on 127.0.0.1:39333
1647691746004	mozrunner::runner	INFO	Running command: "/usr/bin/firefox" "--marionette" "--remote-debugging-port" "55201" "-no-remote" "-profile" "/tmp/rust_mozprofile7AHMav"
ATTENTION: default value of option mesa_glthread overridden by environment.
ATTENTION: default value of option mesa_glthread overridden by environment.
ATTENTION: default value of option mesa_glthread overridden by environment.
ATTENTION: default value of option mesa_glthread overridden by environment.
1647691746537	Marionette	INFO	Marionette enabled
console.warn: SearchSettings: "get: No settings file exists, new profile?" (new NotFoundError("Could not open the file at /tmp/rust_mozprofile7AHMav/search.json.mozlz4", (void 0)))
DevTools listening on ws://localhost:55201/devtools/browser/bc37db31-efee-4007-bf04-95022ac2ff2c
1647691747473	Marionette	INFO	Listening on port 35899
1647691747516	RemoteAgent	WARN	TLS certificate errors will be ignored for this session
1647691749709	Marionette	INFO	Stopped listening on port 35899

###!!! [Parent][PImageBridgeParent] Error: RunMessage(msgname=PImageBridge::Msg_WillClose) Channel closing: too late to send/recv, messages will be lost

1647692670984	geckodriver	INFO	Listening on 127.0.0.1:49433
1647692670987	mozrunner::runner	INFO	Running command: "/usr/bin/firefox" "--marionette" "--remote-debugging-port" "47535" "-no-remote" "-profile" "/tmp/rust_mozprofile3Xl4pl"
ATTENTION: default value of option mesa_glthread overridden by environment.
ATTENTION: default value of option mesa_glthread overridden by environment.
ATTENTION: default value of option mesa_glthread overridden by environment.
ATTENTION: default value of option mesa_glthread overridden by environment.
1647692671515	Marionette	INFO	Marionette enabled
console.warn: SearchSettings: "get: No settings file exists, new profile?" (new NotFoundError("Could not open the file at /tmp/rust_mozprofile3Xl4pl/search.json.mozlz4", (void 0)))
DevTools listening on ws://localhost:47535/devtools/browser/ebd25dfe-ede5-479b-9569-33a8fa03a8b9
1647692672371	Marionette	INFO	Listening on port 42607
1647692672400	RemoteAgent	WARN	TLS certificate errors will be ignored for this session
1647692673415	Marionette	INFO	Stopped listening on port 42607

###!!! [Parent][PImageBridgeParent] Error: RunMessage(msgname=PImageBridge::Msg_WillClose) Channel closing: too late to send/recv, messages will be lost

1647692674491	geckodriver	INFO	Listening on 127.0.0.1:48605
1647692674493	mozrunner::runner	INFO	Running command: "/usr/bin/firefox" "--marionette" "--remote-debugging-port" "51877" "-no-remote" "-profile" "/tmp/rust_mozprofiledsIVzX"
ATTENTION: default value of option mesa_glthread overridden by environment.
ATTENTION: default value of option mesa_glthread overridden by environment.
ATTENTION: default value of option mesa_glthread overridden by environment.
ATTENTION: default value of option mesa_glthread overridden by environment.
1647692675045	Marionette	INFO	Marionette enabled
console.warn: SearchSettings: "get: No settings file exists, new profile?" (new NotFoundError("Could not open the file at /tmp/rust_mozprofiledsIVzX/search.json.mozlz4", (void 0)))
DevTools listening on ws://localhost:51877/devtools/browser/627cab7a-6940-49ea-9f2d-0a7de5cae8fa
1647692676019	Marionette	INFO	Listening on port 36125
1647692676119	RemoteAgent	WARN	TLS certificate errors will be ignored for this session
1647692681987	Marionette	INFO	Stopped listening on port 36125
1647692780697	geckodriver	INFO	Listening on 127.0.0.1:50833
1647692780699	mozrunner::runner	INFO	Running command: "/usr/bin/firefox" "--marionette" "--remote-debugging-port" "60951" "-no-remote" "-profile" "/tmp/rust_mozprofiletKQILJ"
ATTENTION: default value of option mesa_glthread overridden by environment.
ATTENTION: default value of option mesa_glthread overridden by environment.
ATTENTION: default value of option mesa_glthread overridden by environment.
ATTENTION: default value of option mesa_glthread overridden by environment.
1647692781226	Marionette	INFO	Marionette enabled
console.warn: SearchSettings: "get: No settings file exists, new profile?" (new NotFoundError("Could not open the file at /tmp/rust_mozprofiletKQILJ/search.json.mozlz4", (void 0)))
DevTools listening on ws://localhost:60951/devtools/browser/351bdd74-bcc0-49a8-9ed7-89e57c333836
1647692782322	Marionette	INFO	Listening on port 35045
1647692782432	RemoteAgent	WARN	TLS certificate errors will be ignored for this session
1647692785099	Marionette	INFO	Stopped listening on port 35045

###!!! [Parent][PImageBridgeParent] Error: RunMessage(msgname=PImageBridge::Msg_WillClose) Channel closing: too late to send/recv, messages will be lost

1647692805060	geckodriver	INFO	Listening on 127.0.0.1:60037
1647692805082	mozrunner::runner	INFO	Running command: "/usr/bin/firefox" "--marionette" "--remote-debugging-port" "37955" "-no-remote" "-profile" "/tmp/rust_mozprofilezTerS0"
ATTENTION: default value of option mesa_glthread overridden by environment.
ATTENTION: default value of option mesa_glthread overridden by environment.
ATTENTION: default value of option mesa_glthread overridden by environment.
ATTENTION: default value of option mesa_glthread overridden by environment.
1647692805795	Marionette	INFO	Marionette enabled
console.warn: SearchSettings: "get: No settings file exists, new profile?" (new NotFoundError("Could not open the file at /tmp/rust_mozprofilezTerS0/search.json.mozlz4", (void 0)))
DevTools listening on ws://localhost:37955/devtools/browser/7dcba8cf-6f39-48d6-b234-951b6419bd90
1647692806682	Marionette	INFO	Listening on port 33261
1647692806698	RemoteAgent	WARN	TLS certificate errors will be ignored for this session
1647692809273	Marionette	INFO	Stopped listening on port 33261
1647692944518	geckodriver	INFO	Listening on 127.0.0.1:55693
1647692944520	mozrunner::runner	INFO	Running command: "/usr/bin/firefox" "--marionette" "--remote-debugging-port" "56267" "-no-remote" "-profile" "/tmp/rust_mozprofilefSNoxH"
ATTENTION: default value of option mesa_glthread overridden by environment.
ATTENTION: default value of option mesa_glthread overridden by environment.
ATTENTION: default value of option mesa_glthread overridden by environment.
ATTENTION: default value of option mesa_glthread overridden by environment.
1647692945045	Marionette	INFO	Marionette enabled
console.warn: SearchSettings: "get: No settings file exists, new profile?" (new NotFoundError("Could not open the file at /tmp/rust_mozprofilefSNoxH/search.json.mozlz4", (void 0)))
DevTools listening on ws://localhost:56267/devtools/browser/2f409e07-f399-471a-a9f4-a2a070cb7363
1647692946103	Marionette	INFO	Listening on port 41977
1647692946132	RemoteAgent	WARN	TLS certificate errors will be ignored for this session
1647692948844	Marionette	INFO	Stopped listening on port 41977

###!!! [Parent][PImageBridgeParent] Error: RunMessage(msgname=PImageBridge::Msg_WillClose) Channel closing: too late to send/recv, messages will be lost

1647692951851	geckodriver	INFO	Listening on 127.0.0.1:37225
1647692951854	mozrunner::runner	INFO	Running command: "/usr/bin/firefox" "--marionette" "--remote-debugging-port" "54529" "-no-remote" "-profile" "/tmp/rust_mozprofileiVhuMt"
ATTENTION: default value of option mesa_glthread overridden by environment.
ATTENTION: default value of option mesa_glthread overridden by environment.
ATTENTION: default value of option mesa_glthread overridden by environment.
ATTENTION: default value of option mesa_glthread overridden by environment.
1647692952378	Marionette	INFO	Marionette enabled
console.warn: SearchSettings: "get: No settings file exists, new profile?" (new NotFoundError("Could not open the file at /tmp/rust_mozprofileiVhuMt/search.json.mozlz4", (void 0)))
DevTools listening on ws://localhost:54529/devtools/browser/0c5beee5-9baa-4e77-a230-2c3d5d051f33
1647692953470	Marionette	INFO	Listening on port 43619
1647692953588	RemoteAgent	WARN	TLS certificate errors will be ignored for this session
console.error: Region.jsm: "Error fetching region" (new Error("TIMEOUT", "resource://gre/modules/Region.jsm", 772))
console.error: Region.jsm: "Failed to fetch region" (new Error("TIMEOUT", "resource://gre/modules/Region.jsm", 419))
1647693064024	geckodriver	INFO	Listening on 127.0.0.1:51765
1647693064027	mozrunner::runner	INFO	Running command: "/usr/bin/firefox" "--marionette" "--remote-debugging-port" "47039" "-no-remote" "-profile" "/tmp/rust_mozprofilesCoKQ9"
ATTENTION: default value of option mesa_glthread overridden by environment.
ATTENTION: default value of option mesa_glthread overridden by environment.
ATTENTION: default value of option mesa_glthread overridden by environment.
ATTENTION: default value of option mesa_glthread overridden by environment.
1647693064561	Marionette	INFO	Marionette enabled
console.warn: SearchSettings: "get: No settings file exists, new profile?" (new NotFoundError("Could not open the file at /tmp/rust_mozprofilesCoKQ9/search.json.mozlz4", (void 0)))
DevTools listening on ws://localhost:47039/devtools/browser/3e061589-942b-4b9b-a3d9-f909d5fecbc7
1647693065429	Marionette	INFO	Listening on port 35883
1647693065538	RemoteAgent	WARN	TLS certificate errors will be ignored for this session
1647693066691	Marionette	INFO	Stopped listening on port 35883

###!!! [Parent][PImageBridgeParent] Error: RunMessage(msgname=PImageBridge::Msg_WillClose) Channel closing: too late to send/recv, messages will be lost

1647693067758	geckodriver	INFO	Listening on 127.0.0.1:46739
1647693067760	mozrunner::runner	INFO	Running command: "/usr/bin/firefox" "--marionette" "--remote-debugging-port" "60239" "-no-remote" "-profile" "/tmp/rust_mozprofile4EN1Ok"
ATTENTION: default value of option mesa_glthread overridden by environment.
ATTENTION: default value of option mesa_glthread overridden by environment.
ATTENTION: default value of option mesa_glthread overridden by environment.
ATTENTION: default value of option mesa_glthread overridden by environment.
1647693068267	Marionette	INFO	Marionette enabled
console.warn: SearchSettings: "get: No settings file exists, new profile?" (new NotFoundError("Could not open the file at /tmp/rust_mozprofile4EN1Ok/search.json.mozlz4", (void 0)))
DevTools listening on ws://localhost:60239/devtools/browser/35b4ddbb-8d19-4db1-a3a0-6ece593964ac
1647693069276	Marionette	INFO	Listening on port 44319
1647693069385	RemoteAgent	WARN	TLS certificate errors will be ignored for this session
1647693086726	Marionette	INFO	Stopped listening on port 44319

###!!! [Parent][PImageBridgeParent] Error: RunMessage(msgname=PImageBridge::Msg_WillClose) Channel closing: too late to send/recv, messages will be lost

1647693982610	geckodriver	INFO	Listening on 127.0.0.1:40403
1647693982612	mozrunner::runner	INFO	Running command: "/usr/bin/firefox" "--marionette" "--remote-debugging-port" "36667" "-no-remote" "-profile" "/tmp/rust_mozprofileoCFvYH"
ATTENTION: default value of option mesa_glthread overridden by environment.
ATTENTION: default value of option mesa_glthread overridden by environment.
ATTENTION: default value of option mesa_glthread overridden by environment.
ATTENTION: default value of option mesa_glthread overridden by environment.
1647693983159	Marionette	INFO	Marionette enabled
console.warn: SearchSettings: "get: No settings file exists, new profile?" (new NotFoundError("Could not open the file at /tmp/rust_mozprofileoCFvYH/search.json.mozlz4", (void 0)))
DevTools listening on ws://localhost:36667/devtools/browser/4aff015a-65d1-4b1e-8c4a-4fb28c90f5f6
1647693984316	Marionette	INFO	Listening on port 38695
1647693984329	RemoteAgent	WARN	TLS certificate errors will be ignored for this session
console.error: Region.jsm: "Error fetching region" (new Error("TIMEOUT", "resource://gre/modules/Region.jsm", 772))
console.error: Region.jsm: "Failed to fetch region" (new Error("TIMEOUT", "resource://gre/modules/Region.jsm", 419))
1647694009447	Marionette	INFO	Stopped listening on port 38695
1647694010646	geckodriver	INFO	Listening on 127.0.0.1:48879
1647694010648	mozrunner::runner	INFO	Running command: "/usr/bin/firefox" "--marionette" "--remote-debugging-port" "37821" "-no-remote" "-profile" "/tmp/rust_mozprofileEjlOQL"
ATTENTION: default value of option mesa_glthread overridden by environment.
ATTENTION: default value of option mesa_glthread overridden by environment.
ATTENTION: default value of option mesa_glthread overridden by environment.
ATTENTION: default value of option mesa_glthread overridden by environment.
1647694011178	Marionette	INFO	Marionette enabled
console.warn: SearchSettings: "get: No settings file exists, new profile?" (new NotFoundError("Could not open the file at /tmp/rust_mozprofileEjlOQL/search.json.mozlz4", (void 0)))
DevTools listening on ws://localhost:37821/devtools/browser/3625fb62-5152-4dec-b506-a52e4a102044
1647694011979	Marionette	INFO	Listening on port 44529
1647694012072	RemoteAgent	WARN	TLS certificate errors will be ignored for this session
1647694033426	Marionette	INFO	Stopped listening on port 44529
console.error: services.settings: 
  main/query-stripping Signature failed  TypeError: NetworkError: Network request failed
console.warn: TopSitesFeed: Failed to fetch data from Contile server: NetworkError when attempting to fetch resource.
JavaScript error: chrome://remote/content/marionette/cert.js, line 55: NS_ERROR_NOT_AVAILABLE: Component returned failure code: 0x80040111 (NS_ERROR_NOT_AVAILABLE) [nsICertOverrideService.setDisableAllSecurityChecksAndLetAttackersInterceptMyData]

###!!! [Parent][PImageBridgeParent] Error: RunMessage(msgname=PImageBridge::Msg_WillClose) Channel closing: too late to send/recv, messages will be lost

1647694037755	Marionette	INFO	Stopped listening on port 43619
console.warn: TopSitesFeed: Failed to fetch data from Contile server: NetworkError when attempting to fetch resource.

###!!! [Parent][PImageBridgeParent] Error: RunMessage(msgname=PImageBridge::Msg_WillClose) Channel closing: too late to send/recv, messages will be lost

1647694067837	geckodriver	INFO	Listening on 127.0.0.1:36075
1647694067839	mozrunner::runner	INFO	Running command: "/usr/bin/firefox" "--marionette" "--remote-debugging-port" "34185" "-no-remote" "-profile" "/tmp/rust_mozprofilep1d0A5"
ATTENTION: default value of option mesa_glthread overridden by environment.
ATTENTION: default value of option mesa_glthread overridden by environment.
ATTENTION: default value of option mesa_glthread overridden by environment.
ATTENTION: default value of option mesa_glthread overridden by environment.
1647694068339	Marionette	INFO	Marionette enabled
console.warn: SearchSettings: "get: No settings file exists, new profile?" (new NotFoundError("Could not open the file at /tmp/rust_mozprofilep1d0A5/search.json.mozlz4", (void 0)))
DevTools listening on ws://localhost:34185/devtools/browser/e9e97931-b7c6-4db7-9677-03c1ab836d4a
1647694069148	Marionette	INFO	Listening on port 35163
1647694069262	RemoteAgent	WARN	TLS certificate errors will be ignored for this session
1647694070268	Marionette	INFO	Stopped listening on port 35163

###!!! [Parent][PImageBridgeParent] Error: RunMessage(msgname=PImageBridge::Msg_WillClose) Channel closing: too late to send/recv, messages will be lost

1647694071366	geckodriver	INFO	Listening on 127.0.0.1:59119
1647694071368	mozrunner::runner	INFO	Running command: "/usr/bin/firefox" "--marionette" "--remote-debugging-port" "46813" "-no-remote" "-profile" "/tmp/rust_mozprofileovlhc9"
ATTENTION: default value of option mesa_glthread overridden by environment.
ATTENTION: default value of option mesa_glthread overridden by environment.
ATTENTION: default value of option mesa_glthread overridden by environment.
ATTENTION: default value of option mesa_glthread overridden by environment.
1647694071888	Marionette	INFO	Marionette enabled
console.warn: SearchSettings: "get: No settings file exists, new profile?" (new NotFoundError("Could not open the file at /tmp/rust_mozprofileovlhc9/search.json.mozlz4", (void 0)))
DevTools listening on ws://localhost:46813/devtools/browser/0f7633a2-ff44-419b-9ebe-bca0dece6bac
1647694072807	Marionette	INFO	Listening on port 32841
1647694072891	RemoteAgent	WARN	TLS certificate errors will be ignored for this session
1647694095120	Marionette	INFO	Stopped listening on port 32841

###!!! [Parent][PImageBridgeParent] Error: RunMessage(msgname=PImageBridge::Msg_WillClose) Channel closing: too late to send/recv, messages will be lost

1647694388287	geckodriver	INFO	Listening on 127.0.0.1:40333
1647694388289	mozrunner::runner	INFO	Running command: "/usr/bin/firefox" "--marionette" "--remote-debugging-port" "44153" "-no-remote" "-profile" "/tmp/rust_mozprofile67kAOM"
ATTENTION: default value of option mesa_glthread overridden by environment.
ATTENTION: default value of option mesa_glthread overridden by environment.
ATTENTION: default value of option mesa_glthread overridden by environment.
ATTENTION: default value of option mesa_glthread overridden by environment.
1647694388830	Marionette	INFO	Marionette enabled
console.warn: SearchSettings: "get: No settings file exists, new profile?" (new NotFoundError("Could not open the file at /tmp/rust_mozprofile67kAOM/search.json.mozlz4", (void 0)))
DevTools listening on ws://localhost:44153/devtools/browser/099abe96-47e8-4b54-a46d-d99b17f82cc5
1647694389927	Marionette	INFO	Listening on port 45047
1647694390015	RemoteAgent	WARN	TLS certificate errors will be ignored for this session
Exiting due to channel error.
Exiting due to channel error.
Exiting due to channel error.
1647694518151	geckodriver	INFO	Listening on 127.0.0.1:43539
1647694518153	mozrunner::runner	INFO	Running command: "/usr/bin/firefox" "--marionette" "--remote-debugging-port" "37697" "-no-remote" "-profile" "/tmp/rust_mozprofilerbLKVh"
ATTENTION: default value of option mesa_glthread overridden by environment.
ATTENTION: default value of option mesa_glthread overridden by environment.
ATTENTION: default value of option mesa_glthread overridden by environment.
ATTENTION: default value of option mesa_glthread overridden by environment.
1647694518676	Marionette	INFO	Marionette enabled
console.warn: SearchSettings: "get: No settings file exists, new profile?" (new NotFoundError("Could not open the file at /tmp/rust_mozprofilerbLKVh/search.json.mozlz4", (void 0)))
DevTools listening on ws://localhost:37697/devtools/browser/b6b8fb67-6738-4f31-9813-6c95e0611d6b
1647694519490	Marionette	INFO	Listening on port 36193
1647694519578	RemoteAgent	WARN	TLS certificate errors will be ignored for this session
1647694521166	Marionette	INFO	Stopped listening on port 36193
console.error: Region.jsm: "Error fetching region" (new TypeError("NetworkError when attempting to fetch resource.", ""))
console.error: Region.jsm: "Failed to fetch region" (new Error("NO_RESULT", "resource://gre/modules/Region.jsm", 419))
console.error: services.settings: 
  main/query-stripping Signature failed  TypeError: NetworkError: Network request failed
JavaScript error: resource://gre/modules/TerminatorTelemetry.jsm, line 71: AbortError: IOUtils: Shutting down and refusing additional I/O tasks

###!!! [Parent][PImageBridgeParent] Error: RunMessage(msgname=PImageBridge::Msg_WillClose) Channel closing: too late to send/recv, messages will be lost

1647694524602	geckodriver	INFO	Listening on 127.0.0.1:54085
1647694524604	mozrunner::runner	INFO	Running command: "/usr/bin/firefox" "--marionette" "--remote-debugging-port" "54739" "-no-remote" "-profile" "/tmp/rust_mozprofile2uSUSg"
ATTENTION: default value of option mesa_glthread overridden by environment.
ATTENTION: default value of option mesa_glthread overridden by environment.
ATTENTION: default value of option mesa_glthread overridden by environment.
ATTENTION: default value of option mesa_glthread overridden by environment.
1647694525133	Marionette	INFO	Marionette enabled
console.warn: SearchSettings: "get: No settings file exists, new profile?" (new NotFoundError("Could not open the file at /tmp/rust_mozprofile2uSUSg/search.json.mozlz4", (void 0)))
DevTools listening on ws://localhost:54739/devtools/browser/be42e6af-1a6e-43e6-ae5b-35d4f49d7dbd
1647694525979	Marionette	INFO	Listening on port 39121
1647694526016	RemoteAgent	WARN	TLS certificate errors will be ignored for this session
1647694545066	Marionette	INFO	Stopped listening on port 39121

###!!! [Parent][PImageBridgeParent] Error: RunMessage(msgname=PImageBridge::Msg_WillClose) Channel closing: too late to send/recv, messages will be lost

1647694664912	geckodriver	INFO	Listening on 127.0.0.1:33233
1647694664914	mozrunner::runner	INFO	Running command: "/usr/bin/firefox" "--marionette" "--remote-debugging-port" "43981" "-no-remote" "-profile" "/tmp/rust_mozprofileJhc2xX"
ATTENTION: default value of option mesa_glthread overridden by environment.
ATTENTION: default value of option mesa_glthread overridden by environment.
ATTENTION: default value of option mesa_glthread overridden by environment.
ATTENTION: default value of option mesa_glthread overridden by environment.
1647694665424	Marionette	INFO	Marionette enabled
console.warn: SearchSettings: "get: No settings file exists, new profile?" (new NotFoundError("Could not open the file at /tmp/rust_mozprofileJhc2xX/search.json.mozlz4", (void 0)))
DevTools listening on ws://localhost:43981/devtools/browser/45ab726e-b701-4467-a529-f710d3e4894e
1647694666330	Marionette	INFO	Listening on port 38351
1647694666427	RemoteAgent	WARN	TLS certificate errors will be ignored for this session
1647694668493	Marionette	INFO	Stopped listening on port 38351

###!!! [Parent][PImageBridgeParent] Error: RunMessage(msgname=PImageBridge::Msg_WillClose) Channel closing: too late to send/recv, messages will be lost

1647694670169	geckodriver	INFO	Listening on 127.0.0.1:39833
1647694670171	mozrunner::runner	INFO	Running command: "/usr/bin/firefox" "--marionette" "--remote-debugging-port" "34935" "-no-remote" "-profile" "/tmp/rust_mozprofiledwZEAE"
ATTENTION: default value of option mesa_glthread overridden by environment.
ATTENTION: default value of option mesa_glthread overridden by environment.
ATTENTION: default value of option mesa_glthread overridden by environment.
ATTENTION: default value of option mesa_glthread overridden by environment.
1647694670661	Marionette	INFO	Marionette enabled
console.warn: SearchSettings: "get: No settings file exists, new profile?" (new NotFoundError("Could not open the file at /tmp/rust_mozprofiledwZEAE/search.json.mozlz4", (void 0)))
DevTools listening on ws://localhost:34935/devtools/browser/d2d6d230-1b7f-4942-83e2-e43a26813167
1647694671847	Marionette	INFO	Listening on port 33035
1647694671895	RemoteAgent	WARN	TLS certificate errors will be ignored for this session
1647694716598	Marionette	INFO	Stopped listening on port 33035

###!!! [Parent][PImageBridgeParent] Error: RunMessage(msgname=PImageBridge::Msg_WillClose) Channel closing: too late to send/recv, messages will be lost

1647694774009	geckodriver	INFO	Listening on 127.0.0.1:53475
1647694774011	mozrunner::runner	INFO	Running command: "/usr/bin/firefox" "--marionette" "--remote-debugging-port" "44559" "-no-remote" "-profile" "/tmp/rust_mozprofileRbDaAz"
ATTENTION: default value of option mesa_glthread overridden by environment.
ATTENTION: default value of option mesa_glthread overridden by environment.
ATTENTION: default value of option mesa_glthread overridden by environment.
ATTENTION: default value of option mesa_glthread overridden by environment.
1647694774546	Marionette	INFO	Marionette enabled
console.warn: SearchSettings: "get: No settings file exists, new profile?" (new NotFoundError("Could not open the file at /tmp/rust_mozprofileRbDaAz/search.json.mozlz4", (void 0)))
DevTools listening on ws://localhost:44559/devtools/browser/c251e95b-d537-4dd8-b1f9-5f32f0af8c1d
1647694775707	Marionette	INFO	Listening on port 33293
1647694775730	RemoteAgent	WARN	TLS certificate errors will be ignored for this session
1647694777722	Marionette	INFO	Stopped listening on port 33293
console.error: Region.jsm: "Error fetching region" (new TypeError("NetworkError when attempting to fetch resource.", ""))
console.error: Region.jsm: "Failed to fetch region" (new Error("NO_RESULT", "resource://gre/modules/Region.jsm", 419))
console.error: services.settings: 
  main/query-stripping Signature failed  TypeError: NetworkError: Network request failed
console.warn: TopSitesFeed: Failed to fetch data from Contile server: NetworkError when attempting to fetch resource.

###!!! [Parent][PImageBridgeParent] Error: RunMessage(msgname=PImageBridge::Msg_WillClose) Channel closing: too late to send/recv, messages will be lost

1647694901228	geckodriver	INFO	Listening on 127.0.0.1:56573
1647694901232	mozrunner::runner	INFO	Running command: "/usr/bin/firefox" "--marionette" "--remote-debugging-port" "59431" "-no-remote" "-profile" "/tmp/rust_mozprofilelfC8Ln"
ATTENTION: default value of option mesa_glthread overridden by environment.
ATTENTION: default value of option mesa_glthread overridden by environment.
ATTENTION: default value of option mesa_glthread overridden by environment.
ATTENTION: default value of option mesa_glthread overridden by environment.
1647694901749	Marionette	INFO	Marionette enabled
console.warn: SearchSettings: "get: No settings file exists, new profile?" (new NotFoundError("Could not open the file at /tmp/rust_mozprofilelfC8Ln/search.json.mozlz4", (void 0)))
DevTools listening on ws://localhost:59431/devtools/browser/620017f7-7fb0-4a3c-aec0-3c74a9ac8ba9
1647694902693	Marionette	INFO	Listening on port 33665
1647694902744	RemoteAgent	WARN	TLS certificate errors will be ignored for this session
1647694903681	Marionette	INFO	Stopped listening on port 33665
1647694904894	geckodriver	INFO	Listening on 127.0.0.1:35611
1647694904896	mozrunner::runner	INFO	Running command: "/usr/bin/firefox" "--marionette" "--remote-debugging-port" "41023" "-no-remote" "-profile" "/tmp/rust_mozprofilenrcTfi"
ATTENTION: default value of option mesa_glthread overridden by environment.
ATTENTION: default value of option mesa_glthread overridden by environment.
ATTENTION: default value of option mesa_glthread overridden by environment.
ATTENTION: default value of option mesa_glthread overridden by environment.
1647694905449	Marionette	INFO	Marionette enabled
console.warn: SearchSettings: "get: No settings file exists, new profile?" (new NotFoundError("Could not open the file at /tmp/rust_mozprofilenrcTfi/search.json.mozlz4", (void 0)))
DevTools listening on ws://localhost:41023/devtools/browser/187d1c34-0255-43a3-a0bc-9d6e453a8513
1647694906246	Marionette	INFO	Listening on port 39709
1647694906307	RemoteAgent	WARN	TLS certificate errors will be ignored for this session
1647694908642	Marionette	INFO	Stopped listening on port 39709
1647695076991	geckodriver	INFO	Listening on 127.0.0.1:53427
1647695076993	mozrunner::runner	INFO	Running command: "/usr/bin/firefox" "--marionette" "--remote-debugging-port" "56735" "-no-remote" "-profile" "/tmp/rust_mozprofilezbZayZ"
ATTENTION: default value of option mesa_glthread overridden by environment.
ATTENTION: default value of option mesa_glthread overridden by environment.
ATTENTION: default value of option mesa_glthread overridden by environment.
ATTENTION: default value of option mesa_glthread overridden by environment.
1647695077502	Marionette	INFO	Marionette enabled
console.warn: SearchSettings: "get: No settings file exists, new profile?" (new NotFoundError("Could not open the file at /tmp/rust_mozprofilezbZayZ/search.json.mozlz4", (void 0)))
DevTools listening on ws://localhost:56735/devtools/browser/45547f21-850e-436f-a3e4-d3b8b2853d92
1647695078300	Marionette	INFO	Listening on port 43699
1647695078410	RemoteAgent	WARN	TLS certificate errors will be ignored for this session
1647695079314	Marionette	INFO	Stopped listening on port 43699

###!!! [Parent][PImageBridgeParent] Error: RunMessage(msgname=PImageBridge::Msg_WillClose) Channel closing: too late to send/recv, messages will be lost

1647695080620	geckodriver	INFO	Listening on 127.0.0.1:59045
1647695080622	mozrunner::runner	INFO	Running command: "/usr/bin/firefox" "--marionette" "--remote-debugging-port" "42903" "-no-remote" "-profile" "/tmp/rust_mozprofileOTCQPN"
ATTENTION: default value of option mesa_glthread overridden by environment.
ATTENTION: default value of option mesa_glthread overridden by environment.
ATTENTION: default value of option mesa_glthread overridden by environment.
ATTENTION: default value of option mesa_glthread overridden by environment.
1647695081156	Marionette	INFO	Marionette enabled
console.warn: SearchSettings: "get: No settings file exists, new profile?" (new NotFoundError("Could not open the file at /tmp/rust_mozprofileOTCQPN/search.json.mozlz4", (void 0)))
DevTools listening on ws://localhost:42903/devtools/browser/9ddc6814-b0fa-4c66-a7e2-97ced15d9f99
1647695082033	Marionette	INFO	Listening on port 36985
1647695082134	RemoteAgent	WARN	TLS certificate errors will be ignored for this session
1647695084593	Marionette	INFO	Stopped listening on port 36985

###!!! [Parent][PImageBridgeParent] Error: RunMessage(msgname=PImageBridge::Msg_WillClose) Channel closing: too late to send/recv, messages will be lost

1647695308533	geckodriver	INFO	Listening on 127.0.0.1:34207
1647695308535	mozrunner::runner	INFO	Running command: "/usr/bin/firefox" "--marionette" "--remote-debugging-port" "33363" "-no-remote" "-profile" "/tmp/rust_mozprofileVEyPYt"
ATTENTION: default value of option mesa_glthread overridden by environment.
ATTENTION: default value of option mesa_glthread overridden by environment.
ATTENTION: default value of option mesa_glthread overridden by environment.
ATTENTION: default value of option mesa_glthread overridden by environment.
1647695309085	Marionette	INFO	Marionette enabled
console.warn: SearchSettings: "get: No settings file exists, new profile?" (new NotFoundError("Could not open the file at /tmp/rust_mozprofileVEyPYt/search.json.mozlz4", (void 0)))
DevTools listening on ws://localhost:33363/devtools/browser/8c802a4d-91e2-47f4-ad76-4654cc3a166a
1647695310010	Marionette	INFO	Listening on port 44601
1647695310047	RemoteAgent	WARN	TLS certificate errors will be ignored for this session
1647695311491	Marionette	INFO	Stopped listening on port 44601
1647695312708	geckodriver	INFO	Listening on 127.0.0.1:44793
1647695312710	mozrunner::runner	INFO	Running command: "/usr/bin/firefox" "--marionette" "--remote-debugging-port" "32973" "-no-remote" "-profile" "/tmp/rust_mozprofileEBCFcN"
ATTENTION: default value of option mesa_glthread overridden by environment.
ATTENTION: default value of option mesa_glthread overridden by environment.
ATTENTION: default value of option mesa_glthread overridden by environment.
ATTENTION: default value of option mesa_glthread overridden by environment.
1647695313226	Marionette	INFO	Marionette enabled
console.warn: SearchSettings: "get: No settings file exists, new profile?" (new NotFoundError("Could not open the file at /tmp/rust_mozprofileEBCFcN/search.json.mozlz4", (void 0)))
DevTools listening on ws://localhost:32973/devtools/browser/64eaf830-c921-47d4-989a-808ca21fe15e
1647695314195	Marionette	INFO	Listening on port 35253
1647695314222	RemoteAgent	WARN	TLS certificate errors will be ignored for this session
1647695316742	Marionette	INFO	Stopped listening on port 35253

###!!! [Parent][PImageBridgeParent] Error: RunMessage(msgname=PImageBridge::Msg_WillClose) Channel closing: too late to send/recv, messages will be lost

1647695372476	geckodriver	INFO	Listening on 127.0.0.1:59553
1647695372478	mozrunner::runner	INFO	Running command: "/usr/bin/firefox" "--marionette" "--remote-debugging-port" "39093" "-no-remote" "-profile" "/tmp/rust_mozprofileEBUw1A"
ATTENTION: default value of option mesa_glthread overridden by environment.
ATTENTION: default value of option mesa_glthread overridden by environment.
ATTENTION: default value of option mesa_glthread overridden by environment.
ATTENTION: default value of option mesa_glthread overridden by environment.
1647695372977	Marionette	INFO	Marionette enabled
console.warn: SearchSettings: "get: No settings file exists, new profile?" (new NotFoundError("Could not open the file at /tmp/rust_mozprofileEBUw1A/search.json.mozlz4", (void 0)))
DevTools listening on ws://localhost:39093/devtools/browser/3941fc5d-d24f-4339-ad8e-6856f7ee54da
1647695373914	Marionette	INFO	Listening on port 38601
1647695373990	RemoteAgent	WARN	TLS certificate errors will be ignored for this session
1647695376961	Marionette	INFO	Stopped listening on port 38601

###!!! [Parent][PImageBridgeParent] Error: RunMessage(msgname=PImageBridge::Msg_WillClose) Channel closing: too late to send/recv, messages will be lost

1647695378151	geckodriver	INFO	Listening on 127.0.0.1:51043
1647695378153	mozrunner::runner	INFO	Running command: "/usr/bin/firefox" "--marionette" "--remote-debugging-port" "45533" "-no-remote" "-profile" "/tmp/rust_mozprofileCiQuuK"
ATTENTION: default value of option mesa_glthread overridden by environment.
ATTENTION: default value of option mesa_glthread overridden by environment.
ATTENTION: default value of option mesa_glthread overridden by environment.
ATTENTION: default value of option mesa_glthread overridden by environment.
1647695378665	Marionette	INFO	Marionette enabled
console.warn: SearchSettings: "get: No settings file exists, new profile?" (new NotFoundError("Could not open the file at /tmp/rust_mozprofileCiQuuK/search.json.mozlz4", (void 0)))
DevTools listening on ws://localhost:45533/devtools/browser/e3b50ca3-395c-44f8-9ffd-ff17b8971642
1647695379612	Marionette	INFO	Listening on port 43063
1647695379665	RemoteAgent	WARN	TLS certificate errors will be ignored for this session
1647695382015	Marionette	INFO	Stopped listening on port 43063
1647695473476	geckodriver	INFO	Listening on 127.0.0.1:60803
1647695473479	mozrunner::runner	INFO	Running command: "/usr/bin/firefox" "--marionette" "--remote-debugging-port" "49687" "-no-remote" "-profile" "/tmp/rust_mozprofilewz2A2c"
ATTENTION: default value of option mesa_glthread overridden by environment.
ATTENTION: default value of option mesa_glthread overridden by environment.
ATTENTION: default value of option mesa_glthread overridden by environment.
ATTENTION: default value of option mesa_glthread overridden by environment.
1647695473993	Marionette	INFO	Marionette enabled
console.warn: SearchSettings: "get: No settings file exists, new profile?" (new NotFoundError("Could not open the file at /tmp/rust_mozprofilewz2A2c/search.json.mozlz4", (void 0)))
DevTools listening on ws://localhost:49687/devtools/browser/22828945-cc15-4448-b72d-ab0e0bde8ba5
1647695474885	Marionette	INFO	Listening on port 35105
1647695474993	RemoteAgent	WARN	TLS certificate errors will be ignored for this session
1647695476145	Marionette	INFO	Stopped listening on port 35105

###!!! [Parent][PImageBridgeParent] Error: RunMessage(msgname=PImageBridge::Msg_WillClose) Channel closing: too late to send/recv, messages will be lost

1647695477347	geckodriver	INFO	Listening on 127.0.0.1:35813
1647695477350	mozrunner::runner	INFO	Running command: "/usr/bin/firefox" "--marionette" "--remote-debugging-port" "33739" "-no-remote" "-profile" "/tmp/rust_mozprofilexdjlLd"
ATTENTION: default value of option mesa_glthread overridden by environment.
ATTENTION: default value of option mesa_glthread overridden by environment.
ATTENTION: default value of option mesa_glthread overridden by environment.
ATTENTION: default value of option mesa_glthread overridden by environment.
1647695477895	Marionette	INFO	Marionette enabled
console.warn: SearchSettings: "get: No settings file exists, new profile?" (new NotFoundError("Could not open the file at /tmp/rust_mozprofilexdjlLd/search.json.mozlz4", (void 0)))
DevTools listening on ws://localhost:33739/devtools/browser/a305870c-3692-4a5e-b995-c3e619b84ad4
1647695478734	Marionette	INFO	Listening on port 43441
1647695478762	RemoteAgent	WARN	TLS certificate errors will be ignored for this session
1647695481196	Marionette	INFO	Stopped listening on port 43441

###!!! [Parent][PImageBridgeParent] Error: RunMessage(msgname=PImageBridge::Msg_WillClose) Channel closing: too late to send/recv, messages will be lost

1647695565809	geckodriver	INFO	Listening on 127.0.0.1:42987
1647695565811	mozrunner::runner	INFO	Running command: "/usr/bin/firefox" "--marionette" "--remote-debugging-port" "51113" "-no-remote" "-profile" "/tmp/rust_mozprofileWHOJjm"
ATTENTION: default value of option mesa_glthread overridden by environment.
ATTENTION: default value of option mesa_glthread overridden by environment.
ATTENTION: default value of option mesa_glthread overridden by environment.
ATTENTION: default value of option mesa_glthread overridden by environment.
1647695566342	Marionette	INFO	Marionette enabled
console.warn: SearchSettings: "get: No settings file exists, new profile?" (new NotFoundError("Could not open the file at /tmp/rust_mozprofileWHOJjm/search.json.mozlz4", (void 0)))
DevTools listening on ws://localhost:51113/devtools/browser/08086b58-a8c6-4de8-ab51-b7cd9bd66518
1647695567284	Marionette	INFO	Listening on port 46313
1647695567322	RemoteAgent	WARN	TLS certificate errors will be ignored for this session
1647695568383	Marionette	INFO	Stopped listening on port 46313
1647695569641	geckodriver	INFO	Listening on 127.0.0.1:60393
1647695569644	mozrunner::runner	INFO	Running command: "/usr/bin/firefox" "--marionette" "--remote-debugging-port" "42935" "-no-remote" "-profile" "/tmp/rust_mozprofileyVBgcs"
ATTENTION: default value of option mesa_glthread overridden by environment.
ATTENTION: default value of option mesa_glthread overridden by environment.
ATTENTION: default value of option mesa_glthread overridden by environment.
ATTENTION: default value of option mesa_glthread overridden by environment.
1647695570156	Marionette	INFO	Marionette enabled
console.warn: SearchSettings: "get: No settings file exists, new profile?" (new NotFoundError("Could not open the file at /tmp/rust_mozprofileyVBgcs/search.json.mozlz4", (void 0)))
DevTools listening on ws://localhost:42935/devtools/browser/40a1c4f8-c766-49ea-8186-6b2bc295a1a5
1647695571034	Marionette	INFO	Listening on port 46267
1647695571055	RemoteAgent	WARN	TLS certificate errors will be ignored for this session
1647695578650	Marionette	INFO	Stopped listening on port 46267

###!!! [Parent][PImageBridgeParent] Error: RunMessage(msgname=PImageBridge::Msg_WillClose) Channel closing: too late to send/recv, messages will be lost

1647695675978	geckodriver	INFO	Listening on 127.0.0.1:50355
1647695675981	mozrunner::runner	INFO	Running command: "/usr/bin/firefox" "--marionette" "--remote-debugging-port" "44237" "-no-remote" "-profile" "/tmp/rust_mozprofileFTI3yK"
ATTENTION: default value of option mesa_glthread overridden by environment.
ATTENTION: default value of option mesa_glthread overridden by environment.
ATTENTION: default value of option mesa_glthread overridden by environment.
ATTENTION: default value of option mesa_glthread overridden by environment.
1647695676527	Marionette	INFO	Marionette enabled
console.warn: SearchSettings: "get: No settings file exists, new profile?" (new NotFoundError("Could not open the file at /tmp/rust_mozprofileFTI3yK/search.json.mozlz4", (void 0)))
DevTools listening on ws://localhost:44237/devtools/browser/b112a4bd-a13f-4367-990a-6c8f52071241
1647695677510	Marionette	INFO	Listening on port 39981
1647695677606	RemoteAgent	WARN	TLS certificate errors will be ignored for this session
1647695678806	Marionette	INFO	Stopped listening on port 39981
1647695680041	geckodriver	INFO	Listening on 127.0.0.1:45563
1647695680043	mozrunner::runner	INFO	Running command: "/usr/bin/firefox" "--marionette" "--remote-debugging-port" "41397" "-no-remote" "-profile" "/tmp/rust_mozprofilei4dWb1"
ATTENTION: default value of option mesa_glthread overridden by environment.
ATTENTION: default value of option mesa_glthread overridden by environment.
ATTENTION: default value of option mesa_glthread overridden by environment.
ATTENTION: default value of option mesa_glthread overridden by environment.
1647695680568	Marionette	INFO	Marionette enabled
console.warn: SearchSettings: "get: No settings file exists, new profile?" (new NotFoundError("Could not open the file at /tmp/rust_mozprofilei4dWb1/search.json.mozlz4", (void 0)))
DevTools listening on ws://localhost:41397/devtools/browser/3ccf41e3-b17e-4701-9bb4-615bb55f5d9b
1647695681254	Marionette	INFO	Listening on port 44839
1647695681358	RemoteAgent	WARN	TLS certificate errors will be ignored for this session
1647695683656	Marionette	INFO	Stopped listening on port 44839

###!!! [Parent][PImageBridgeParent] Error: RunMessage(msgname=PImageBridge::Msg_WillClose) Channel closing: too late to send/recv, messages will be lost

1647696015023	geckodriver	INFO	Listening on 127.0.0.1:35921
1647696015026	mozrunner::runner	INFO	Running command: "/usr/bin/firefox" "--marionette" "--remote-debugging-port" "52397" "-no-remote" "-profile" "/tmp/rust_mozprofileL8BS3O"
ATTENTION: default value of option mesa_glthread overridden by environment.
ATTENTION: default value of option mesa_glthread overridden by environment.
ATTENTION: default value of option mesa_glthread overridden by environment.
ATTENTION: default value of option mesa_glthread overridden by environment.
1647696015662	Marionette	INFO	Marionette enabled
console.warn: SearchSettings: "get: No settings file exists, new profile?" (new NotFoundError("Could not open the file at /tmp/rust_mozprofileL8BS3O/search.json.mozlz4", (void 0)))
DevTools listening on ws://localhost:52397/devtools/browser/1e789539-58e0-428d-b522-79787b01b4d5
1647696016694	Marionette	INFO	Listening on port 45725
1647696016743	RemoteAgent	WARN	TLS certificate errors will be ignored for this session
1647696017702	Marionette	INFO	Stopped listening on port 45725

###!!! [Parent][PImageBridgeParent] Error: RunMessage(msgname=PImageBridge::Msg_WillClose) Channel closing: too late to send/recv, messages will be lost

1647696018894	geckodriver	INFO	Listening on 127.0.0.1:40051
1647696018896	mozrunner::runner	INFO	Running command: "/usr/bin/firefox" "--marionette" "--remote-debugging-port" "34239" "-no-remote" "-profile" "/tmp/rust_mozprofileywDf0T"
ATTENTION: default value of option mesa_glthread overridden by environment.
ATTENTION: default value of option mesa_glthread overridden by environment.
ATTENTION: default value of option mesa_glthread overridden by environment.
ATTENTION: default value of option mesa_glthread overridden by environment.
1647696019415	Marionette	INFO	Marionette enabled
console.warn: SearchSettings: "get: No settings file exists, new profile?" (new NotFoundError("Could not open the file at /tmp/rust_mozprofileywDf0T/search.json.mozlz4", (void 0)))
DevTools listening on ws://localhost:34239/devtools/browser/b9b8ce3e-8915-4958-aff4-46c5484aea86
1647696020238	Marionette	INFO	Listening on port 41655
1647696020328	RemoteAgent	WARN	TLS certificate errors will be ignored for this session
1647696023265	Marionette	INFO	Stopped listening on port 41655

###!!! [Parent][PImageBridgeParent] Error: RunMessage(msgname=PImageBridge::Msg_WillClose) Channel closing: too late to send/recv, messages will be lost

1647696067422	geckodriver	INFO	Listening on 127.0.0.1:46321
1647696067425	mozrunner::runner	INFO	Running command: "/usr/bin/firefox" "--marionette" "--remote-debugging-port" "60441" "-no-remote" "-profile" "/tmp/rust_mozprofilehSQdA7"
ATTENTION: default value of option mesa_glthread overridden by environment.
ATTENTION: default value of option mesa_glthread overridden by environment.
ATTENTION: default value of option mesa_glthread overridden by environment.
ATTENTION: default value of option mesa_glthread overridden by environment.
1647696068034	Marionette	INFO	Marionette enabled
console.warn: SearchSettings: "get: No settings file exists, new profile?" (new NotFoundError("Could not open the file at /tmp/rust_mozprofilehSQdA7/search.json.mozlz4", (void 0)))
DevTools listening on ws://localhost:60441/devtools/browser/2c70191c-7cd5-4274-a99d-b1390a059ebd
1647696068897	Marionette	INFO	Listening on port 34997
1647696068937	RemoteAgent	WARN	TLS certificate errors will be ignored for this session
1647696070017	Marionette	INFO	Stopped listening on port 34997

###!!! [Parent][PImageBridgeParent] Error: RunMessage(msgname=PImageBridge::Msg_WillClose) Channel closing: too late to send/recv, messages will be lost

1647696071196	geckodriver	INFO	Listening on 127.0.0.1:53229
1647696071198	mozrunner::runner	INFO	Running command: "/usr/bin/firefox" "--marionette" "--remote-debugging-port" "49317" "-no-remote" "-profile" "/tmp/rust_mozprofilew26dKi"
ATTENTION: default value of option mesa_glthread overridden by environment.
ATTENTION: default value of option mesa_glthread overridden by environment.
ATTENTION: default value of option mesa_glthread overridden by environment.
ATTENTION: default value of option mesa_glthread overridden by environment.
1647696071766	Marionette	INFO	Marionette enabled
console.warn: SearchSettings: "get: No settings file exists, new profile?" (new NotFoundError("Could not open the file at /tmp/rust_mozprofilew26dKi/search.json.mozlz4", (void 0)))
DevTools listening on ws://localhost:49317/devtools/browser/992aed2e-c256-4b4f-813d-816670bc91d4
1647696072614	Marionette	INFO	Listening on port 35619
1647696072709	RemoteAgent	WARN	TLS certificate errors will be ignored for this session
1647696075766	Marionette	INFO	Stopped listening on port 35619

###!!! [Parent][PImageBridgeParent] Error: RunMessage(msgname=PImageBridge::Msg_WillClose) Channel closing: too late to send/recv, messages will be lost

1647696238421	geckodriver	INFO	Listening on 127.0.0.1:46075
1647696238423	mozrunner::runner	INFO	Running command: "/usr/bin/firefox" "--marionette" "--remote-debugging-port" "60719" "-no-remote" "-profile" "/tmp/rust_mozprofiledVZVtR"
ATTENTION: default value of option mesa_glthread overridden by environment.
ATTENTION: default value of option mesa_glthread overridden by environment.
ATTENTION: default value of option mesa_glthread overridden by environment.
ATTENTION: default value of option mesa_glthread overridden by environment.
1647696238948	Marionette	INFO	Marionette enabled
console.warn: SearchSettings: "get: No settings file exists, new profile?" (new NotFoundError("Could not open the file at /tmp/rust_mozprofiledVZVtR/search.json.mozlz4", (void 0)))
DevTools listening on ws://localhost:60719/devtools/browser/f6c57b8d-f8fb-4554-a2ee-eaaf464faedd
1647696239871	Marionette	INFO	Listening on port 33601
1647696239935	RemoteAgent	WARN	TLS certificate errors will be ignored for this session
1647696240842	Marionette	INFO	Stopped listening on port 33601
1647696242056	geckodriver	INFO	Listening on 127.0.0.1:50815
1647696242058	mozrunner::runner	INFO	Running command: "/usr/bin/firefox" "--marionette" "--remote-debugging-port" "37385" "-no-remote" "-profile" "/tmp/rust_mozprofileIHeOTs"
ATTENTION: default value of option mesa_glthread overridden by environment.
ATTENTION: default value of option mesa_glthread overridden by environment.
ATTENTION: default value of option mesa_glthread overridden by environment.
ATTENTION: default value of option mesa_glthread overridden by environment.
1647696242609	Marionette	INFO	Marionette enabled
console.warn: SearchSettings: "get: No settings file exists, new profile?" (new NotFoundError("Could not open the file at /tmp/rust_mozprofileIHeOTs/search.json.mozlz4", (void 0)))
DevTools listening on ws://localhost:37385/devtools/browser/5de3703e-b5fd-440a-b006-49832b54021e
1647696243455	Marionette	INFO	Listening on port 36065
1647696243472	RemoteAgent	WARN	TLS certificate errors will be ignored for this session
1647696246063	Marionette	INFO	Stopped listening on port 36065

###!!! [Parent][PImageBridgeParent] Error: RunMessage(msgname=PImageBridge::Msg_WillClose) Channel closing: too late to send/recv, messages will be lost

1647696281602	geckodriver	INFO	Listening on 127.0.0.1:43341
1647696281604	mozrunner::runner	INFO	Running command: "/usr/bin/firefox" "--marionette" "--remote-debugging-port" "43055" "-no-remote" "-profile" "/tmp/rust_mozprofileyWlYaS"
ATTENTION: default value of option mesa_glthread overridden by environment.
ATTENTION: default value of option mesa_glthread overridden by environment.
ATTENTION: default value of option mesa_glthread overridden by environment.
ATTENTION: default value of option mesa_glthread overridden by environment.
1647696282179	Marionette	INFO	Marionette enabled
console.warn: SearchSettings: "get: No settings file exists, new profile?" (new NotFoundError("Could not open the file at /tmp/rust_mozprofileyWlYaS/search.json.mozlz4", (void 0)))
DevTools listening on ws://localhost:43055/devtools/browser/3b14787f-6446-40ee-8204-8298c09bcc7e
1647696283019	Marionette	INFO	Listening on port 34211
1647696283117	RemoteAgent	WARN	TLS certificate errors will be ignored for this session
1647696283971	Marionette	INFO	Stopped listening on port 34211
1647696285152	geckodriver	INFO	Listening on 127.0.0.1:57689
1647696285154	mozrunner::runner	INFO	Running command: "/usr/bin/firefox" "--marionette" "--remote-debugging-port" "45653" "-no-remote" "-profile" "/tmp/rust_mozprofile3n1mL6"
ATTENTION: default value of option mesa_glthread overridden by environment.
ATTENTION: default value of option mesa_glthread overridden by environment.
ATTENTION: default value of option mesa_glthread overridden by environment.
ATTENTION: default value of option mesa_glthread overridden by environment.
1647696285682	Marionette	INFO	Marionette enabled
console.warn: SearchSettings: "get: No settings file exists, new profile?" (new NotFoundError("Could not open the file at /tmp/rust_mozprofile3n1mL6/search.json.mozlz4", (void 0)))
DevTools listening on ws://localhost:45653/devtools/browser/01fc378a-5e9a-47a4-b013-5d1d69b08e5e
1647696286797	Marionette	INFO	Listening on port 34873
1647696286869	RemoteAgent	WARN	TLS certificate errors will be ignored for this session
1647696289372	Marionette	INFO	Stopped listening on port 34873

###!!! [Parent][PImageBridgeParent] Error: RunMessage(msgname=PImageBridge::Msg_WillClose) Channel closing: too late to send/recv, messages will be lost

1647696353386	geckodriver	INFO	Listening on 127.0.0.1:41739
1647696353388	mozrunner::runner	INFO	Running command: "/usr/bin/firefox" "--marionette" "--remote-debugging-port" "36475" "-no-remote" "-profile" "/tmp/rust_mozprofileyN4L1x"
ATTENTION: default value of option mesa_glthread overridden by environment.
ATTENTION: default value of option mesa_glthread overridden by environment.
ATTENTION: default value of option mesa_glthread overridden by environment.
ATTENTION: default value of option mesa_glthread overridden by environment.
1647696353904	Marionette	INFO	Marionette enabled
console.warn: SearchSettings: "get: No settings file exists, new profile?" (new NotFoundError("Could not open the file at /tmp/rust_mozprofileyN4L1x/search.json.mozlz4", (void 0)))
DevTools listening on ws://localhost:36475/devtools/browser/a6dfabfb-5353-4e6f-abc7-d3e9a3ac2a64
1647696354828	Marionette	INFO	Listening on port 34853
1647696354900	RemoteAgent	WARN	TLS certificate errors will be ignored for this session
1647696355806	Marionette	INFO	Stopped listening on port 34853
1647696356960	geckodriver	INFO	Listening on 127.0.0.1:35519
1647696356963	mozrunner::runner	INFO	Running command: "/usr/bin/firefox" "--marionette" "--remote-debugging-port" "47429" "-no-remote" "-profile" "/tmp/rust_mozprofileug3XzZ"
ATTENTION: default value of option mesa_glthread overridden by environment.
ATTENTION: default value of option mesa_glthread overridden by environment.
ATTENTION: default value of option mesa_glthread overridden by environment.
ATTENTION: default value of option mesa_glthread overridden by environment.
1647696357477	Marionette	INFO	Marionette enabled
console.warn: SearchSettings: "get: No settings file exists, new profile?" (new NotFoundError("Could not open the file at /tmp/rust_mozprofileug3XzZ/search.json.mozlz4", (void 0)))
DevTools listening on ws://localhost:47429/devtools/browser/2cb77fe4-3252-4abf-a8cd-9895c72b94ee
1647696358374	Marionette	INFO	Listening on port 44409
1647696358474	RemoteAgent	WARN	TLS certificate errors will be ignored for this session
1647696361134	Marionette	INFO	Stopped listening on port 44409

###!!! [Parent][PImageBridgeParent] Error: RunMessage(msgname=PImageBridge::Msg_WillClose) Channel closing: too late to send/recv, messages will be lost

1647696400028	geckodriver	INFO	Listening on 127.0.0.1:54555
1647696400031	mozrunner::runner	INFO	Running command: "/usr/bin/firefox" "--marionette" "--remote-debugging-port" "49795" "-no-remote" "-profile" "/tmp/rust_mozprofileVABHCF"
ATTENTION: default value of option mesa_glthread overridden by environment.
ATTENTION: default value of option mesa_glthread overridden by environment.
ATTENTION: default value of option mesa_glthread overridden by environment.
ATTENTION: default value of option mesa_glthread overridden by environment.
1647696400555	Marionette	INFO	Marionette enabled
console.warn: SearchSettings: "get: No settings file exists, new profile?" (new NotFoundError("Could not open the file at /tmp/rust_mozprofileVABHCF/search.json.mozlz4", (void 0)))
DevTools listening on ws://localhost:49795/devtools/browser/d5c45e29-0672-45e2-9a89-00b48eb785a6
1647696401378	Marionette	INFO	Listening on port 43351
1647696401443	RemoteAgent	WARN	TLS certificate errors will be ignored for this session
1647696402291	Marionette	INFO	Stopped listening on port 43351
1647696403526	geckodriver	INFO	Listening on 127.0.0.1:48415
1647696403528	mozrunner::runner	INFO	Running command: "/usr/bin/firefox" "--marionette" "--remote-debugging-port" "48667" "-no-remote" "-profile" "/tmp/rust_mozprofileOnq8Nv"
ATTENTION: default value of option mesa_glthread overridden by environment.
ATTENTION: default value of option mesa_glthread overridden by environment.
ATTENTION: default value of option mesa_glthread overridden by environment.
1647696404066	Marionette	INFO	Marionette enabled
ATTENTION: default value of option mesa_glthread overridden by environment.
console.warn: SearchSettings: "get: No settings file exists, new profile?" (new NotFoundError("Could not open the file at /tmp/rust_mozprofileOnq8Nv/search.json.mozlz4", (void 0)))
DevTools listening on ws://localhost:48667/devtools/browser/9bdbc6cb-67ef-4984-8cfb-03ddebaacb20
1647696404880	Marionette	INFO	Listening on port 43727
1647696404945	RemoteAgent	WARN	TLS certificate errors will be ignored for this session
1647696407150	Marionette	INFO	Stopped listening on port 43727

###!!! [Parent][PImageBridgeParent] Error: RunMessage(msgname=PImageBridge::Msg_WillClose) Channel closing: too late to send/recv, messages will be lost

1647696449691	geckodriver	INFO	Listening on 127.0.0.1:45399
1647696449693	mozrunner::runner	INFO	Running command: "/usr/bin/firefox" "--marionette" "--remote-debugging-port" "47049" "-no-remote" "-profile" "/tmp/rust_mozprofileJPmoEQ"
ATTENTION: default value of option mesa_glthread overridden by environment.
ATTENTION: default value of option mesa_glthread overridden by environment.
ATTENTION: default value of option mesa_glthread overridden by environment.
ATTENTION: default value of option mesa_glthread overridden by environment.
1647696450211	Marionette	INFO	Marionette enabled
console.warn: SearchSettings: "get: No settings file exists, new profile?" (new NotFoundError("Could not open the file at /tmp/rust_mozprofileJPmoEQ/search.json.mozlz4", (void 0)))
DevTools listening on ws://localhost:47049/devtools/browser/49174666-8e6f-4a14-b2e6-2c931075d981
1647696451074	Marionette	INFO	Listening on port 35885
1647696451105	RemoteAgent	WARN	TLS certificate errors will be ignored for this session
1647696452315	Marionette	INFO	Stopped listening on port 35885

###!!! [Parent][PImageBridgeParent] Error: RunMessage(msgname=PImageBridge::Msg_WillClose) Channel closing: too late to send/recv, messages will be lost

1647696453522	geckodriver	INFO	Listening on 127.0.0.1:36561
1647696453525	mozrunner::runner	INFO	Running command: "/usr/bin/firefox" "--marionette" "--remote-debugging-port" "44713" "-no-remote" "-profile" "/tmp/rust_mozprofileQflzKN"
ATTENTION: default value of option mesa_glthread overridden by environment.
ATTENTION: default value of option mesa_glthread overridden by environment.
ATTENTION: default value of option mesa_glthread overridden by environment.
ATTENTION: default value of option mesa_glthread overridden by environment.
1647696454055	Marionette	INFO	Marionette enabled
console.warn: SearchSettings: "get: No settings file exists, new profile?" (new NotFoundError("Could not open the file at /tmp/rust_mozprofileQflzKN/search.json.mozlz4", (void 0)))
DevTools listening on ws://localhost:44713/devtools/browser/e79ba229-5192-40d9-95dc-91bb0916e38a
1647696454923	Marionette	INFO	Listening on port 38117
1647696454936	RemoteAgent	WARN	TLS certificate errors will be ignored for this session
1647696457397	Marionette	INFO	Stopped listening on port 38117

###!!! [Parent][PImageBridgeParent] Error: RunMessage(msgname=PImageBridge::Msg_WillClose) Channel closing: too late to send/recv, messages will be lost

1647696497243	geckodriver	INFO	Listening on 127.0.0.1:42895
1647696497246	mozrunner::runner	INFO	Running command: "/usr/bin/firefox" "--marionette" "--remote-debugging-port" "35683" "-no-remote" "-profile" "/tmp/rust_mozprofileGUOtxZ"
ATTENTION: default value of option mesa_glthread overridden by environment.
ATTENTION: default value of option mesa_glthread overridden by environment.
ATTENTION: default value of option mesa_glthread overridden by environment.
ATTENTION: default value of option mesa_glthread overridden by environment.
1647696497762	Marionette	INFO	Marionette enabled
console.warn: SearchSettings: "get: No settings file exists, new profile?" (new NotFoundError("Could not open the file at /tmp/rust_mozprofileGUOtxZ/search.json.mozlz4", (void 0)))
DevTools listening on ws://localhost:35683/devtools/browser/637487c3-d370-4782-922e-691292c9a434
1647696498653	Marionette	INFO	Listening on port 38047
1647696498766	RemoteAgent	WARN	TLS certificate errors will be ignored for this session
1647696499590	Marionette	INFO	Stopped listening on port 38047
1647696500782	geckodriver	INFO	Listening on 127.0.0.1:39645
1647696500784	mozrunner::runner	INFO	Running command: "/usr/bin/firefox" "--marionette" "--remote-debugging-port" "52525" "-no-remote" "-profile" "/tmp/rust_mozprofileRTK7uA"
ATTENTION: default value of option mesa_glthread overridden by environment.
ATTENTION: default value of option mesa_glthread overridden by environment.
ATTENTION: default value of option mesa_glthread overridden by environment.
ATTENTION: default value of option mesa_glthread overridden by environment.
1647696501310	Marionette	INFO	Marionette enabled
console.warn: SearchSettings: "get: No settings file exists, new profile?" (new NotFoundError("Could not open the file at /tmp/rust_mozprofileRTK7uA/search.json.mozlz4", (void 0)))
DevTools listening on ws://localhost:52525/devtools/browser/8758797a-2883-491f-bb09-304a0af7c6a5
1647696502278	Marionette	INFO	Listening on port 44429
1647696502296	RemoteAgent	WARN	TLS certificate errors will be ignored for this session
1647696504782	Marionette	INFO	Stopped listening on port 44429

###!!! [Parent][PImageBridgeParent] Error: RunMessage(msgname=PImageBridge::Msg_WillClose) Channel closing: too late to send/recv, messages will be lost

1647696545989	geckodriver	INFO	Listening on 127.0.0.1:36045
1647696545992	mozrunner::runner	INFO	Running command: "/usr/bin/firefox" "--marionette" "--remote-debugging-port" "37175" "-no-remote" "-profile" "/tmp/rust_mozprofilewFCAQg"
ATTENTION: default value of option mesa_glthread overridden by environment.
ATTENTION: default value of option mesa_glthread overridden by environment.
ATTENTION: default value of option mesa_glthread overridden by environment.
1647696546513	Marionette	INFO	Marionette enabled
ATTENTION: default value of option mesa_glthread overridden by environment.
console.warn: SearchSettings: "get: No settings file exists, new profile?" (new NotFoundError("Could not open the file at /tmp/rust_mozprofilewFCAQg/search.json.mozlz4", (void 0)))
DevTools listening on ws://localhost:37175/devtools/browser/e88a5cf5-fce2-429b-ae2d-1a77ea8f04a3
1647696547434	Marionette	INFO	Listening on port 42253
1647696547504	RemoteAgent	WARN	TLS certificate errors will be ignored for this session
1647696548438	Marionette	INFO	Stopped listening on port 42253
1647696549646	geckodriver	INFO	Listening on 127.0.0.1:56411
1647696549649	mozrunner::runner	INFO	Running command: "/usr/bin/firefox" "--marionette" "--remote-debugging-port" "33107" "-no-remote" "-profile" "/tmp/rust_mozprofileW7cbr6"
ATTENTION: default value of option mesa_glthread overridden by environment.
ATTENTION: default value of option mesa_glthread overridden by environment.
ATTENTION: default value of option mesa_glthread overridden by environment.
ATTENTION: default value of option mesa_glthread overridden by environment.
1647696550174	Marionette	INFO	Marionette enabled
console.warn: SearchSettings: "get: No settings file exists, new profile?" (new NotFoundError("Could not open the file at /tmp/rust_mozprofileW7cbr6/search.json.mozlz4", (void 0)))
DevTools listening on ws://localhost:33107/devtools/browser/eb337831-67ba-46f1-a011-3d72416e3b1d
1647696550869	Marionette	INFO	Listening on port 37059
1647696550960	RemoteAgent	WARN	TLS certificate errors will be ignored for this session
1647696553360	Marionette	INFO	Stopped listening on port 37059

###!!! [Parent][PImageBridgeParent] Error: RunMessage(msgname=PImageBridge::Msg_WillClose) Channel closing: too late to send/recv, messages will be lost

