1647700978696	geckodriver	INFO	Listening on 127.0.0.1:65009
1647700981772	mozrunner::runner	INFO	Running command: "C:\\Program Files\\Mozilla Firefox\\firefox.exe" "--marionette" "--remote-debugging-port" "65010" "-no-remote" "-profile" "C:\\Users\\DIRKVA~1\\AppData\\Local\\Temp\\rust_mozprofilee1JzfM"
1647700982316	Marionette	INFO	Marionette enabled
console.warn: SearchSettings: "get: No settings file exists,1647700985889	mozrunner::runner	INFO	Running command: "C:\\Program Files\\Mozilla Firefox\\firefox.exe" "--marionette" "--remote-debugging-port" "65027" "-no-remote" "-profile" "C:\\Users\\DIRKVA~1\\AppData\\Local\\Temp\\rust_mozprofilevDOE9Q"
1647700986396	Marionette	INFO	Marionette enabled
console.warn: SearchSettings: "get: No settings file exists, new profile?" (new NotFoundError("Could not open the file at C:\\Users\\Dirk Vanbeveren\\AppData\\Local\\Temp\\rust_mozprofilevDOE9Q\\search.json.mozlz4", (void 0)))
DevTools listening on ws://localhost:65027/devtools/browser/4abeaf52-fc8c-434f-a374-3293bd2638ff
1647700988937	Marionette	INFO	Listening on port 65070
1647700989066	RemoteAgent	WARN	TLS certificate errors will be ignored for this session
1647700993121	Marionette	INFO	Stopped listening on port 65070

###!!! [Parent][PGPUParent] Error: RunMessage(msgname=PGPU::Msg_ShutdownVR) Channel closing: too late to send/recv, messages will be lost

1647701027692	geckodriver	INFO	Listening on 127.0.0.1:65192
1647701030766	mozrunner::runner	INFO	Running command: "C:\\Program Files\\Mozilla Firefox\\firefox.exe" "--marionette" "--remote-debugging-port" "65193" "-no-remote" "-profile" "C:\\Users\\DIRKVA~1\\AppData\\Local\\Temp\\rust_mozprofileTNnec9"
1647701031243	Marionette	INFO	Marionette enabled
console.warn: SearchSettings: "get: No settings file exists, new profile?" (new NotFoundError("Could not open the file at C:\\Users\\Dirk Vanbeveren\\AppData\\Local\\Temp\\rust_mozprofileTNnec9\\search.json.mozlz4", (void 0)))
DevTools listening on ws://localhost:65193/devtools/browser/9f109b65-2ba1-4998-9aa4-e7aa9dfbfa21
1647701033293	Marionette	INFO	Listening on port 65204
1647701033435	RemoteAgent	WARN	TLS certificate errors will be ignored for this session
1647701036177	Marionette	INFO	Stopped listening on port 65204
[Parent 36400, IPC I/O Parent] WARNING: file /builds/worker/checkouts/gecko/ipc/chromium/src/base/process_util_win.cc:167

###!!! [Parent][PGPUParent] Error: RunMessage(msgname=PGPU::Msg_ShutdownVR) Channel closing: too late to send/recv, messages will be lost

1647702665095	geckodriver	INFO	Listening on 127.0.0.1:51094
1647702668158	mozrunner::runner	INFO	Running command: "C:\\Program Files\\Mozilla Firefox\\firefox.exe" "--marionette" "--remote-debugging-port" "51095" "-no-remote" "-profile" "C:\\Users\\DIRKVA~1\\AppData\\Local\\Temp\\rust_mozprofileZJ2usz"
1647702669137	Marionette	INFO	Marionette enabled
console.warn: SearchSettings: "get: No settings file exists,1647702672904	mozrunner::runner	INFO	Running command: "C:\\Program Files\\Mozilla Firefox\\firefox.exe" "--marionette" "--remote-debugging-port" "51125" "-no-remote" "-profile" "C:\\Users\\DIRKVA~1\\AppData\\Local\\Temp\\rust_mozprofileNhLEbi"
1647702673534	Marionette	INFO	Marionette enabled
console.warn: SearchSettings: "get: No settings file exists, new profile?" (new NotFoundError("Could not open the file at C:\\Users\\Dirk Vanbeveren\\AppData\\Local\\Temp\\rust_mozprofileNhLEbi\\search.json.mozlz4", (void 0)))
DevTools listening on ws://localhost:51125/devtools/browser/789cf094-a117-4860-b9f6-4ea2c0fa6837
1647702676144	Marionette	INFO	Listening on port 51164
1647702676602	RemoteAgent	WARN	TLS certificate errors will be ignored for this session
1647702679649	Marionette	INFO	Stopped listening on port 51164

###!!! [Child][PContentChild] Error: RunMessage(msgname=PSessionStorageObserver::Msg_Observe) Channel closing: too late to send/recv, messages will be lost


###!!! [Child][PContentChild] Error: RunMessage(msgname=PHttpChannel::Msg_DeleteSelf) Channel closing: too late to send/recv, messages will be lost


###!!! [Parent][PGPUParent] Error: RunMessage(msgname=PGPU::Msg_ShutdownVR) Channel closing: too late to send/recv, messages will be lost

1647704799349	geckodriver	INFO	Listening on 127.0.0.1:61618
1647704802401	mozrunner::runner	INFO	Running command: "C:\\P1647704804276	mozrunner::runner	INFO	Running command: "C:\\Program Files\\Mozilla Firefox\\firefox.exe" "--marionette" "--remote-debugging-port" "61625" "-no-remote" "-profile" "C:\\Users\\DIRKVA~1\\AppData\\Local\\Temp\\rust_mozproficonsole.wa1647704804747	Marionette	INFO	Marionette enabled
console.warn: SearchSettings: "get: No settings file exists, new profile?" (new NotFoundError("Could not open the file at C:\\Users\\Dirk Vanbeveren\\AppData\\Local\\Temp\\rust_mozprofileUlakl1\\search.json.mozlz4", (void 0)))
DevTools listening on ws://localhost:61625/devtools/browser/170f43b3-0926-4ff3-b612-8f0854f8d27f
1647704807162	Marionette	INFO	Listening on port 61640
1647704807453	RemoteAgent	WAconsole.error: Region.jsm: "Error fetching region" (new Erro1647704903364	Marionette	INFO	Stopped listening on port 61640
console.warn: TopSitesFeed: Failed to fetch data from Contile server: NetworkError when attempting to fetch resource.
JavaScript error: chrome://remote/content/marionette/cert.js, line 55: NS_ERROR_NOT_AVAILABLE: Component returned failure code: 0x80040111 (NS_ERROR_NOT_AVAILABLE) [nsICertOverrideService.setDisableAllSecurityChecksAndLetAttackersInterceptMyData]
[Parent 33136, IPC I/O Parent] WARNING: file /builds/worker/checkouts/gecko/ipc/chromium/src/base/process_util_win.cc:167
r: NetworkError when attempting to fetch resource.

###!!! [Parent][PGPUParent] Error: RunMessage(msgname=PGPU::Msg_ShutdownVR) Channel closing: too late to send/recv, messages will be lost

1647705068883	geckodriver	INFO	Listening on 127.0.0.1:61504
1647705071946	mozrunner::runner	INFO	Running command: "C:\\Program Files\\Mozilla Firefox\\firefox.exe" "--marionette" "--remote-debugging-port" "61505" "-no-remote" "-profile" "C:\\Users\\DIRKVA~1\\AppData\\Local\\Temp\\rust_mozprofileGtZXDP"
1647705072496	Marionette	INFO	Marionette enabled
console.warn: SearchSettings: "get: No settings file exists, new profile?" (new NotFoundError("Could not open the file at C:\\Users\\Dirk Vanbeveren\\AppData\\Local\\Temp\\rust_mozprofileGtZXDP\\search.json.mozlz4", (void 0)))
DevTools listening on ws://localhost:61505/devtools/browser/5141850d-5d25-40ff-9b81-9cee683e2fc1
1647705074754	Marionette	INFO	Listening on port 61514
1647705075135	RemoteAgent	WARN	TLS certificate errors will be ignored for this session
1647705077573	Marionette	INFO	Stopped listening on port 61514
console.error: services.settings: 
  main/query-stripping Signature failed  TypeError: NetworkError: Network request failed
console.warn: TopSitesFeed: Failed to fetch data from Contile server: NetworkError when attempting to fetch resource.
JavaScript error: chrome://remote/content/marionette/cert.js, line 55: NS_ERROR_NOT_AVAILABLE: Component returned failure code: 0x80040111 (NS_ERROR_NOT_AVAILABLE) [nsICertOverrideService.setDisableAllSecurityChecksAndLetAttackersInterceptMyData]
1647705116439	geckodriver	INFO	Listening on 127.0.0.1:61613
1647705119493	mozrunner::runner	INFO	Running command: "C:\\Program Files\\Mozilla Firefox\\firefox.exe" "--marionette" "--remote-debugging-port" "61614" "-no-remote" "-profile" "C:\\Users\\DIRKVA~1\\AppData\\Local\\Temp\\rust_mozprofileTReDp8"
1647705119943	Marionette	INFO	Marionette enabled
console.warn: SearchSettings: "get: No settings file exists, new profile?" (new NotFoundError("Could not open the file at C:\\Users\\Dirk Vanbeveren\\AppData\\Local\\Temp\\rust_mozprofileTReDp8\\search.json.mozlz4", (void 0)))
DevTools listening on ws://localhost:61614/devtools/browser/44aa253a-cc96-4d10-9754-d16c252ef195
1647705122354	Marionette	INFO	Listening on port 61620
1647705122674	RemoteAgent	WARN	TLS certificate errors will be ignored for this session
JavaScript error: , line 0: TypeError: NetworkError when attempting to fetch resource.
JavaScript error: , line 0: TypeError: NetworkError when attempting to fetch resource.
1647705165726	Marionette	INFO	Stopped listening on port 61620

###!!! [Child][PContentChild] Error: RunMessage(msgname=PHttpChannel::Msg_DeleteSelf) Channel closing: too late to send/recv, messages will be lost


###!!! [Child][PContentChild] Error: RunMessage(msgname=PHttpChannel::Msg_DeleteSelf) Channel closing: too late to send/recv, messages will be lost


###!!! [Parent][PGPUParent] Error: RunMessage(msgname=PGPU::Msg_ShutdownVR) Channel closing: too late to send/recv, messages will be lost

1647705253076	geckodriver	INFO	Listening on 127.0.0.1:52646
1647705256151	mozrunner::runner	INFO	Running command: "C:\\Program Files\\Mozilla Firefox\\firefox.exe" "--marionette" "--remote-debugging-port" "52647" "-no-remote" "-profile" "C:\\Users\\DIRKVA~1\\AppData\\Local\\Temp\\rust_mozprofilecI98V6"
1647705256610	Marionette	INFO	Marionette enabled
console.warn: SearchSettings: "get: No settings file exists, new profile?" (new NotFoundError("Could not open the file at C:\\Users\\Dirk Vanbeveren\\AppData\\Local\\Temp\\rust_mozprofilecI98V6\\search.json.mozlz4", (void 0)))
DevTools listening on ws://localhost:52647/devtools/browser/7725413f-414d-4f0f-8d4c-d68945e30b87
1647705258564	Marionette	INFO	Listening on port 52655
1647705258824	RemoteAgent	WARN	TLS certificate errors will be ignored for this session
1647705262508	Marionette	INFO	Stopped listening on port 52655
[Parent 47884, IPC I/O Parent] WARNING: file /builds/worker/checkouts/gecko/ipc/chromium/src/base/process_util_win.cc:167

###!!! [Parent][PGPUParent] Error: RunMessage(msgname=PGPU::Msg_ShutdownVR) Channel closing: too late to send/recv, messages will be lost

1647705319876	geckodriver	INFO	Listening on 127.0.0.1:50779
1647705322939	mozrunner::runner	INFO	Running command: "C:\\Program Files\\Mozilla Firefox\\firefox.exe" "--marionette" "--remote-debugging-port" "50780" "-no-remote" "-profile" "C:\\Users\\DIRKVA~1\\AppData\\Local\\Temp\\rust_mozprofileIRNChI"
1647705323391	Marionette	INFO	Marionette enabled
console.warn: SearchSettings: "get: No settings file exists, new profile?" (new NotFoundError("Could not open the file at C:\\Users\\Dirk Vanbeveren\\AppData\\Local\\Temp\\rust_mozprofileIRNChI\\search.json.mozlz4", (void 0)))
DevTools listening on ws://localhost:50780/devtools/browser/9b1876c8-02bb-46ea-a92d-100cbf7e4920
1647705325421	Marionette	INFO	Listening on port 50787
1647705325612	RemoteAgent	WARN	TLS certificate errors will be ignored for this session
1647705328719	Marionette	INFO	Stopped listening on port 50787

###!!! [Parent][PGPUParent] Error: RunMessage(msgname=PGPU::Msg_ShutdownVR) Channel closing: too late to send/recv, messages will be lost

1647705392806	geckodriver	INFO	Listening on 127.0.0.1:50924
1647705395864	mozrunner::runner	INFO	Running command: "C:\\Program Files\\Mozilla Firefox\\firefox.exe" "--marionette" "--remote-debugging-port" "50925" "-no-remote" "-profile" "C:\\Users\\DIRKVA~1\\AppData\\Local\\Temp\\rust_mozprofileMaajWm"
1647705396313	Marionette	INFO	Marionette enabled
console.warn: SearchSettings: "get: No settings file exists, new profile?" (new NotFoundError("Could not open the file at C:\\Users\\Dirk Vanbeveren\\AppData\\Local\\Temp\\rust_mozprofileMaajWm\\search.json.mozlz4", (void 0)))
DevTools listening on ws://localhost:50925/devtools/browser/f4cb6b2e-2f19-4bb0-8d9c-8b89cfca545f
1647705398299	Marionette	INFO	Listening on port 50933
1647705398532	RemoteAgent	WARN	TLS certificate errors will be ignored for this session
1647705401423	Marionette	INFO	Stopped listening on port 50933
[Parent 25544, IPC I/O Parent] WARNING: file /builds/worker/checkouts/gecko/ipc/chromium/src/base/process_util_win.cc:167

###!!! [Parent][PGPUParent] Error: RunMessage(msgname=PGPU::Msg_ShutdownVR) Channel closing: too late to send/recv, messages will be lost

1647705489227	geckodriver	INFO	Listening on 127.0.0.1:51089
1647705492266	mozrunner::runner	INFO	Running command: "C:\\Program Files\\Mozilla Firefox\\firefox.exe" "--marionette" "--remote-debugging-port" "51090" "-no-remote" "-profile" "C:\\Users\\DIRKVA~1\\AppData\\Local\\Temp\\rust_mozprofile0jTyLT"
1647705492762	Marionette	INFO	Marionette enabled
console.warn: SearchSettings: "get: No settings file exists, new profile?" (new NotFoundError("Could not open the file at C:\\Users\\Dirk Vanbeveren\\AppData\\Local\\Temp\\rust_mozprofile0jTyLT\\search.json.mozlz4", (void 0)))
DevTools listening on ws://localhost:51090/devtools/browser/a6d667ad-1d6b-454c-8185-6ece32dc541b
1647705495160	Marionette	INFO	Listening on port 51097
1647705495447	RemoteAgent	WARN	TLS certificate errors will be ignored for this session
1647705498482	Marionette	INFO	Stopped listening on port 51097

###!!! [Parent][PGPUParent] Error: RunMessage(msgname=PGPU::Msg_ShutdownVR) Channel closing: too late to send/recv, messages will be lost

1647705572607	geckodriver	INFO	Listening on 127.0.0.1:51252
1647705575669	mozrunner::runner	INFO	Running command: "C:\\Program Files\\Mozilla Firefox\\firefox.exe" "--marionette" "--remote-debugging-port" "51253" "-no-remote" "-profile" "C:\\Users\\DIRKVA~1\\AppData\\Local\\Temp\\rust_mozprofileNnlMiD"
1647705576223	Marionette	INFO	Marionette enabled
console.warn: SearchSettings: "get: No settings file exists, new profile?" (new NotFoundError("Could not open the file at C:\\Users\\Dirk Vanbeveren\\AppData\\Local\\Temp\\rust_mozprofileNnlMiD\\search.json.mozlz4", (void 0)))
DevTools listening on ws://localhost:51253/devtools/browser/a271a61a-6bde-45ce-9e7a-5f2d6e01cf3a
1647705578548	Marionette	INFO	Listening on port 51260
1647705578849	RemoteAgent	WARN	TLS certificate errors will be ignored for this session
1647705582690	Marionette	INFO	Stopped listening on port 51260
1647705751935	geckodriver	INFO	Listening on 127.0.0.1:51547
1647705754991	mozrunner::runner	INFO	Running command: "C:\\Program Files\\Mozilla Firefox\\firefox.exe" "--marionette" "--remote-debugging-port" "51548" "-no-remote" "-profile" "C:\\Users\\DIRKVA~1\\AppData\\Local\\Temp\\rust_mozprofileVFcvS8"
1647705755482	Marionette	INFO	Marionette enabled
console.warn: SearchSettings: "get: No settings file exists, new profile?" (new NotFoundError("Could not open the file at C:\\Users\\Dirk Vanbeveren\\AppData\\Local\\Temp\\rust_mozprofileVFcvS8\\search.json.mozlz4", (void 0)))
DevTools listening on ws://localhost:51548/devtools/browser/e9b3e694-585a-40ee-8bd2-9b6ef7496948
1647705757577	Marionette	INFO	Listening on port 51554
1647705757671	RemoteAgent	WARN	TLS certificate errors will be ignored for this session
1647705760955	Marionette	INFO	Stopped listening on port 51554
[Parent 36428, IPC I/O Parent] WARNING: file /builds/worker/checkouts/gecko/ipc/chromium/src/base/process_util_win.cc:167

###!!! [Parent][PGPUParent] Error: RunMessage(msgname=PGPU::Msg_ShutdownVR) Channel closing: too late to send/recv, messages will be lost

1647705858738	geckodriver	INFO	Listening on 127.0.0.1:51723
1647705861815	mozrunner::runner	INFO	Running command: "C:\\Program Files\\Mozilla Firefox\\firefox.exe" "--marionette" "--remote-debugging-port" "51724" "-no-remote" "-profile" "C:\\Users\\DIRKVA~1\\AppData\\Local\\Temp\\rust_mozprofileLOyjp4"
1647705862313	Marionette	INFO	Marionette enabled
console.warn: SearchSettings: "get: No settings file exists, new profile?" (new NotFoundError("Could not open the file at C:\\Users\\Dirk Vanbeveren\\AppData\\Local\\Temp\\rust_mozprofileLOyjp4\\search.json.mozlz4", (void 0)))
DevTools listening on ws://localhost:51724/devtools/browser/02a8f6c4-35e1-46d6-9403-321b9fbed20b
1647705864298	Marionette	INFO	Listening on port 51731
1647705864473	RemoteAgent	WARN	TLS certificate errors will be ignored for this session
1647705867826	Marionette	INFO	Stopped listening on port 51731
[Parent 38356, IPC I/O Parent] WARNING: file /builds/worker/checkouts/gecko/ipc/chromium/src/base/process_util_win.cc:167

###!!! [Parent][PGPUParent] Error: RunMessage(msgname=PGPU::Msg_ShutdownVR) Channel closing: too late to send/recv, messages will be lost

1647705922329	geckodriver	INFO	Listening on 127.0.0.1:51862
1647705925409	mozrunner::runner	INFO	Running command: "C:\\Program Files\\Mozilla Firefox\\firefox.exe" "--marionette" "--remote-debugging-port" "51863" "-no-remote" "-profile" "C:\\Users\\DIRKVA~1\\AppData\\Local\\Temp\\rust_mozprofileoFqgdo"
1647705925860	Marionette	INFO	Marionette enabled
console.warn: SearchSettings: "get: No settings file exists, new profile?" (new NotFoundError("Could not open the file at C:\\Users\\Dirk Vanbeveren\\AppData\\Local\\Temp\\rust_mozprofileoFqgdo\\search.json.mozlz4", (void 0)))
DevTools listening on ws://localhost:51863/devtools/browser/fb52ff6e-029f-4fe4-a420-ff04df531808
1647705927883	Marionette	INFO	Listening on port 51873
1647705928075	RemoteAgent	WARN	TLS certificate errors will be ignored for this session
1647705931066	Marionette	INFO	Stopped listening on port 51873
1647705987937	geckodriver	INFO	Listening on 127.0.0.1:52002
1647705990992	mozrunner::runner	INFO	Running command: "C:\\Program Files\\Mozilla Firefox\\firefox.exe" "--marionette" "--remote-debugging-port" "52003" "-no-remote" "-profile" "C:\\Users\\DIRKVA~1\\AppData\\Local\\Temp\\rust_mozprofileEf01FF"
1647705991480	Marionette	INFO	Marionette enabled
console.warn: SearchSettings: "get: No settings file exists, new profile?" (new NotFoundError("Could not open the file at C:\\Users\\Dirk Vanbeveren\\AppData\\Local\\Temp\\rust_mozprofileEf01FF\\search.json.mozlz4", (void 0)))
DevTools listening on ws://localhost:52003/devtools/browser/fb4b4207-5beb-45d0-85c7-f4574585bfd9
1647705993487	Marionette	INFO	Listening on port 52009
1647705993664	RemoteAgent	WARN	TLS certificate errors will be ignored for this session
1647705997007	Marionette	INFO	Stopped listening on port 52009
[Parent 42696, IPC I/O Parent] WARNING: file /builds/worker/checkouts/gecko/ipc/chromium/src/base/process_util_win.cc:167

###!!! [Parent][PGPUParent] Error: RunMessage(msgname=PGPU::Msg_ShutdownVR) Channel closing: too late to send/recv, messages will be lost

1647706072321	geckodriver	INFO	Listening on 127.0.0.1:52149
1647706075393	mozrunner::runner	INFO	Running command: "C:\\Program Files\\Mozilla Firefox\\firefox.exe" "--marionette" "--remote-debugging-port" "52150" "-no-remote" "-profile" "C:\\Users\\DIRKVA~1\\AppData\\Local\\Temp\\rust_mozprofilewpaYk0"
1647706075847	Marionette	INFO	Marionette enabled
console.warn: SearchSettings: "get: No settings file exists, new profile?" (new NotFoundError("Could not open the file at C:\\Users\\Dirk Vanbeveren\\AppData\\Local\\Temp\\rust_mozprofilewpaYk0\\search.json.mozlz4", (void 0)))
DevTools listening on ws://localhost:52150/devtools/browser/5128dae2-554a-479e-9e94-8ec252445313
1647706078066	Marionette	INFO	Listening on port 52158
1647706078577	RemoteAgent	WARN	TLS certificate errors will be ignored for this session
1647706081402	Marionette	INFO	Stopped listening on port 52158

###!!! [Parent][PGPUParent] Error: RunMessage(msgname=PGPU::Msg_ShutdownVR) Channel closing: too late to send/recv, messages will be lost

1647706334208	geckodriver	INFO	Listening on 127.0.0.1:52402
1647706337288	mozrunner::runner	INFO	Running command: "C:\\Program Files\\Mozilla Firefox\\firefox.exe" "--marionette" "--remote-debugging-port" "52403" "-no-remote" "-profile" "C:\\Users\\DIRKVA~1\\AppData\\Local\\Temp\\rust_mozprofile9n98N9"
1647706337761	Marionette	INFO	Marionette enabled
console.warn: SearchSettings: "get: No settings file exists, new profile?" (new NotFoundError("Could not open the file at C:\\Users\\Dirk Vanbeveren\\AppData\\Local\\Temp\\rust_mozprofile9n98N9\\search.json.mozlz4", (void 0)))
DevTools listening on ws://localhost:52403/devtools/browser/6993a4fa-bcf8-4a79-b65e-a70fe7c4e006
1647706340041	Marionette	INFO	Listening on port 52418
1647706340467	RemoteAgent	WARN	TLS certificate errors will be ignored for this session
1647706343464	Marionette	INFO	Stopped listening on port 52418
[Parent 18056, IPC I/O Parent] WARNING: file /builds/worker/checkouts/gecko/ipc/chromium/src/base/process_util_win.cc:167
[Parent 18056, IPC I/O Parent] WARNING: file /builds/worker/checkouts/gecko/ipc/chromium/src/base/process_util_win.cc:167

###!!! [Parent][PGPUParent] Error: RunMessage(msgname=PGPU::Msg_ShutdownVR) Channel closing: too late to send/recv, messages will be lost

1647706389968	geckodriver	INFO	Listening on 127.0.0.1:52528
1647706393030	mozrunner::runner	INFO	Running command: "C:\\Program Files\\Mozilla Firefox\\firefox.exe" "--marionette" "--remote-debugging-port" "52529" "-no-remote" "-profile" "C:\\Users\\DIRKVA~1\\AppData\\Local\\Temp\\rust_mozprofilepoSl5l"
1647706393566	Marionette	INFO	Marionette enabled
console.warn: SearchSettings: "get: No settings file exists, new profile?" (new NotFoundError("Could not open the file at C:\\Users\\Dirk Vanbeveren\\AppData\\Local\\Temp\\rust_mozprofilepoSl5l\\search.json.mozlz4", (void 0)))
DevTools listening on ws://localhost:52529/devtools/browser/5c3611c3-473a-41da-b752-44db01726c54
1647706395861	Marionette	INFO	Listening on port 52538
1647706396209	RemoteAgent	WARN	TLS certificate errors will be ignored for this session
1647706399058	Marionette	INFO	Stopped listening on port 52538
[Parent 44412, IPC I/O Parent] WARNING: file /builds/worker/checkouts/gecko/ipc/chromium/src/base/process_util_win.cc:167

###!!! [Parent][PGPUParent] Error: RunMessage(msgname=PGPU::Msg_ShutdownVR) Channel closing: too late to send/recv, messages will be lost

1647706470763	geckodriver	INFO	Listening on 127.0.0.1:58109
1647706473833	mozrunner::runner	INFO	Running command: "C:\\Program Files\\Mozilla Firefox\\firefox.exe" "--marionette" "--remote-debugging-port" "58110" "-no-remote" "-profile" "C:\\Users\\DIRKVA~1\\AppData\\Local\\Temp\\rust_mozprofile7V6bIG"
1647706474309	Marionette	INFO	Marionette enabled
console.warn: SearchSettings: "get: No settings file exists, new profile?" (new NotFoundError("Could not open the file at C:\\Users\\Dirk Vanbeveren\\AppData\\Local\\Temp\\rust_mozprofile7V6bIG\\search.json.mozlz4", (void 0)))
DevTools listening on ws://localhost:58110/devtools/browser/c92a7995-e136-4aab-ab70-a1e4618e4ac2
1647706476388	Marionette	INFO	Listening on port 58117
1647706476505	RemoteAgent	WARN	TLS certificate errors will be ignored for this session
1647706479519	Marionette	INFO	Stopped listening on port 58117
[Parent 34128, IPC I/O Parent] WARNING: file /builds/worker/checkouts/gecko/ipc/chromium/src/base/process_util_win.cc:167
1647710617182	geckodriver	INFO	Listening on 127.0.0.1:56796
1647710620242	mozrunner::runner	INFO	Running command: "C:\\Program Files\\Mozilla Firefox\\firefox.exe" "--marionette" "--remote-debugging-port" "56797" "-no-remote" "-profile" "C:\\Users\\DIRKVA~1\\AppData\\Local\\Temp\\rust_mozprofileRZj8R4"
1647710621029	Marionette	INFO	Marionette enabled
console.warn: SearchSettings: "get: No settings file exists, new profile?" (new NotFoundError("Could not open the file at C:\\Users\\Dirk Vanbeveren\\AppData\\Local\\Temp\\rust_mozprofileRZj8R4\\search.json.mozlz4", (void 0)))
DevTools listening on ws://localhost:56797/devtools/browser/1dd1ec3f-2df3-4ac9-9010-fafaf03abc76
1647710623307	Marionette	INFO	Listening on port 56804
1647710623427	RemoteAgent	WARN	TLS certificate errors will be ignored for this session
1647710626809	Marionette	INFO	Stopped listening on port 56804

###!!! [Parent][PGPUParent] Error: RunMessage(msgname=PGPU::Msg_ShutdownVR) Channel closing: too late to send/recv, messages will be lost

